<?xml version="1.0" encoding="utf-8"?><testsuites><testsuite name="pytest" errors="966" failures="0" skipped="108" tests="1074" time="179.471" timestamp="2025-09-24T00:52:38.683954" hostname="MSI"><testcase classname="" name="$Recycle.Bin.S-1-5-18" time="0.000"><error message="collection failure">C:\Users\brysi\AppData\Roaming\Python\Python312\site-packages\_pytest\runner.py:341: in from_call
    result: Optional[TResult] = func()
C:\Users\brysi\AppData\Roaming\Python\Python312\site-packages\_pytest\runner.py:389: in collect
    return list(collector.collect())
C:\Users\brysi\AppData\Roaming\Python\Python312\site-packages\_pytest\main.py:523: in collect
    for direntry in scandir(self.path):
C:\Users\brysi\AppData\Roaming\Python\Python312\site-packages\_pytest\pathlib.py:896: in scandir
    with os.scandir(path) as s:
E   PermissionError: [WinError 5] Отказано в доступе: 'C:\\$Recycle.Bin\\S-1-5-18'</error></testcase><testcase classname="" name="$Recycle.Bin.S-1-5-21-1603221820-2033403650-1921177617-500" time="0.000"><error message="collection failure">C:\Users\brysi\AppData\Roaming\Python\Python312\site-packages\_pytest\runner.py:341: in from_call
    result: Optional[TResult] = func()
C:\Users\brysi\AppData\Roaming\Python\Python312\site-packages\_pytest\runner.py:389: in collect
    return list(collector.collect())
C:\Users\brysi\AppData\Roaming\Python\Python312\site-packages\_pytest\main.py:523: in collect
    for direntry in scandir(self.path):
C:\Users\brysi\AppData\Roaming\Python\Python312\site-packages\_pytest\pathlib.py:896: in scandir
    with os.scandir(path) as s:
E   PermissionError: [WinError 5] Отказано в доступе: 'C:\\$Recycle.Bin\\S-1-5-21-1603221820-2033403650-1921177617-500'</error></testcase><testcase classname="" name="Documents and Settings" time="0.000"><error message="collection failure">C:\Users\brysi\AppData\Roaming\Python\Python312\site-packages\_pytest\runner.py:341: in from_call
    result: Optional[TResult] = func()
C:\Users\brysi\AppData\Roaming\Python\Python312\site-packages\_pytest\runner.py:389: in collect
    return list(collector.collect())
C:\Users\brysi\AppData\Roaming\Python\Python312\site-packages\_pytest\main.py:523: in collect
    for direntry in scandir(self.path):
C:\Users\brysi\AppData\Roaming\Python\Python312\site-packages\_pytest\pathlib.py:896: in scandir
    with os.scandir(path) as s:
E   PermissionError: [WinError 5] Отказано в доступе: 'C:\\Documents and Settings'</error></testcase><testcase classname="" name="MSOCache" time="0.000"><error message="collection failure">C:\Users\brysi\AppData\Roaming\Python\Python312\site-packages\_pytest\runner.py:341: in from_call
    result: Optional[TResult] = func()
C:\Users\brysi\AppData\Roaming\Python\Python312\site-packages\_pytest\runner.py:389: in collect
    return list(collector.collect())
C:\Users\brysi\AppData\Roaming\Python\Python312\site-packages\_pytest\main.py:523: in collect
    for direntry in scandir(self.path):
C:\Users\brysi\AppData\Roaming\Python\Python312\site-packages\_pytest\pathlib.py:896: in scandir
    with os.scandir(path) as s:
E   PermissionError: [WinError 5] Отказано в доступе: 'C:\\MSOCache'</error></testcase><testcase classname="" name="Program Files.Blender Foundation.Blender 3.6.3.6.python.lib.site-packages.Cython.Debugger.Tests.test_libcython_in_gdb" time="0.000"><error message="collection failure">ImportError while importing test module 'C:\Program Files\Blender Foundation\Blender 3.6\3.6\python\lib\site-packages\Cython\Debugger\Tests\test_libcython_in_gdb.py'.
Hint: make sure your test modules/packages have valid Python names.
Traceback:
C:\Users\brysi\AppData\Roaming\Python\Python312\site-packages\_pytest\python.py:492: in importtestmodule
    mod = import_path(
C:\Users\brysi\AppData\Roaming\Python\Python312\site-packages\_pytest\pathlib.py:591: in import_path
    importlib.import_module(module_name)
C:\Program Files\Python312\Lib\importlib\__init__.py:90: in import_module
    return _bootstrap._gcd_import(name[level:], package, level)
&lt;frozen importlib._bootstrap&gt;:1387: in _gcd_import
    ???
&lt;frozen importlib._bootstrap&gt;:1360: in _find_and_load
    ???
&lt;frozen importlib._bootstrap&gt;:1331: in _find_and_load_unlocked
    ???
&lt;frozen importlib._bootstrap&gt;:935: in _load_unlocked
    ???
C:\Users\brysi\AppData\Roaming\Python\Python312\site-packages\_pytest\assertion\rewrite.py:178: in exec_module
    exec(co, module.__dict__)
C:\Program Files\Blender Foundation\Blender 3.6\3.6\python\lib\site-packages\Cython\Debugger\Tests\test_libcython_in_gdb.py:24: in &lt;module&gt;
    import gdb
E   ModuleNotFoundError: No module named 'gdb'</error></testcase><testcase classname="" name="Program Files.Blender Foundation.Blender 3.6.3.6.python.lib.site-packages.Cython.Debugger.Tests.test_libpython_in_gdb" time="0.000"><error message="collection failure">ImportError while importing test module 'C:\Program Files\Blender Foundation\Blender 3.6\3.6\python\lib\site-packages\Cython\Debugger\Tests\test_libpython_in_gdb.py'.
Hint: make sure your test modules/packages have valid Python names.
Traceback:
C:\Users\brysi\AppData\Roaming\Python\Python312\site-packages\_pytest\python.py:492: in importtestmodule
    mod = import_path(
C:\Users\brysi\AppData\Roaming\Python\Python312\site-packages\_pytest\pathlib.py:591: in import_path
    importlib.import_module(module_name)
C:\Program Files\Python312\Lib\importlib\__init__.py:90: in import_module
    return _bootstrap._gcd_import(name[level:], package, level)
&lt;frozen importlib._bootstrap&gt;:1387: in _gcd_import
    ???
&lt;frozen importlib._bootstrap&gt;:1360: in _find_and_load
    ???
&lt;frozen importlib._bootstrap&gt;:1331: in _find_and_load_unlocked
    ???
&lt;frozen importlib._bootstrap&gt;:935: in _load_unlocked
    ???
C:\Users\brysi\AppData\Roaming\Python\Python312\site-packages\_pytest\assertion\rewrite.py:178: in exec_module
    exec(co, module.__dict__)
C:\Program Files\Blender Foundation\Blender 3.6\3.6\python\lib\site-packages\Cython\Debugger\Tests\test_libpython_in_gdb.py:12: in &lt;module&gt;
    import gdb
E   ModuleNotFoundError: No module named 'gdb'</error></testcase><testcase classname="" name="Program Files.Blender Foundation.Blender 3.6.3.6.python.lib.site-packages.numpy" time="0.000"><error message="collection failure">C:\Program Files\Blender Foundation\Blender 3.6\3.6\python\lib\site-packages\numpy\core\__init__.py:23: in &lt;module&gt;
    from . import multiarray
C:\Program Files\Blender Foundation\Blender 3.6\3.6\python\lib\site-packages\numpy\core\multiarray.py:10: in &lt;module&gt;
    from . import overrides
C:\Program Files\Blender Foundation\Blender 3.6\3.6\python\lib\site-packages\numpy\core\overrides.py:6: in &lt;module&gt;
    from numpy.core._multiarray_umath import (
E   ModuleNotFoundError: No module named 'numpy.core._multiarray_umath'

During handling of the above exception, another exception occurred:
C:\Program Files\Python312\Lib\importlib\__init__.py:90: in import_module
    return _bootstrap._gcd_import(name[level:], package, level)
&lt;frozen importlib._bootstrap&gt;:1387: in _gcd_import
    ???
&lt;frozen importlib._bootstrap&gt;:1360: in _find_and_load
    ???
&lt;frozen importlib._bootstrap&gt;:1310: in _find_and_load_unlocked
    ???
&lt;frozen importlib._bootstrap&gt;:488: in _call_with_frames_removed
    ???
&lt;frozen importlib._bootstrap&gt;:1387: in _gcd_import
    ???
&lt;frozen importlib._bootstrap&gt;:1360: in _find_and_load
    ???
&lt;frozen importlib._bootstrap&gt;:1331: in _find_and_load_unlocked
    ???
&lt;frozen importlib._bootstrap&gt;:935: in _load_unlocked
    ???
&lt;frozen importlib._bootstrap_external&gt;:995: in exec_module
    ???
&lt;frozen importlib._bootstrap&gt;:488: in _call_with_frames_removed
    ???
C:\Program Files\Blender Foundation\Blender 3.6\3.6\python\lib\site-packages\numpy\__init__.py:140: in &lt;module&gt;
    from . import core
C:\Program Files\Blender Foundation\Blender 3.6\3.6\python\lib\site-packages\numpy\core\__init__.py:49: in &lt;module&gt;
    raise ImportError(msg)
E   ImportError: 
E   
E   IMPORTANT: PLEASE READ THIS FOR ADVICE ON HOW TO SOLVE THIS ISSUE!
E   
E   Importing the numpy C-extensions failed. This error can happen for
E   many reasons, often due to issues with your setup or how NumPy was
E   installed.
E   
E   We have compiled some common reasons and troubleshooting tips at:
E   
E       https://numpy.org/devdocs/user/troubleshooting-importerror.html
E   
E   Please note and check the following:
E   
E     * The Python version is: Python3.12 from "C:\Program Files\Python312\python.exe"
E     * The NumPy version is: "1.23.5"
E   
E   and make sure that they are the versions you expect.
E   Please carefully study the documentation linked above for further help.
E   
E   Original error was: No module named 'numpy.core._multiarray_umath'</error></testcase><testcase classname="" name="Program Files.Blender Foundation.Blender 3.6.3.6.python.lib.site-packages.pxr.Tf.testenv.testTfScriptModuleLoader_Test" time="0.000"><error message="collection failure">ImportError while importing test module 'C:\Program Files\Blender Foundation\Blender 3.6\3.6\python\lib\site-packages\pxr\Tf\testenv\testTfScriptModuleLoader_Test.py'.
Hint: make sure your test modules/packages have valid Python names.
Traceback:
C:\Users\brysi\AppData\Roaming\Python\Python312\site-packages\_pytest\python.py:492: in importtestmodule
    mod = import_path(
C:\Users\brysi\AppData\Roaming\Python\Python312\site-packages\_pytest\pathlib.py:591: in import_path
    importlib.import_module(module_name)
C:\Program Files\Python312\Lib\importlib\__init__.py:90: in import_module
    return _bootstrap._gcd_import(name[level:], package, level)
&lt;frozen importlib._bootstrap&gt;:1387: in _gcd_import
    ???
&lt;frozen importlib._bootstrap&gt;:1360: in _find_and_load
    ???
&lt;frozen importlib._bootstrap&gt;:1310: in _find_and_load_unlocked
    ???
&lt;frozen importlib._bootstrap&gt;:488: in _call_with_frames_removed
    ???
&lt;frozen importlib._bootstrap&gt;:1387: in _gcd_import
    ???
&lt;frozen importlib._bootstrap&gt;:1360: in _find_and_load
    ???
&lt;frozen importlib._bootstrap&gt;:1310: in _find_and_load_unlocked
    ???
&lt;frozen importlib._bootstrap&gt;:488: in _call_with_frames_removed
    ???
&lt;frozen importlib._bootstrap&gt;:1387: in _gcd_import
    ???
&lt;frozen importlib._bootstrap&gt;:1360: in _find_and_load
    ???
&lt;frozen importlib._bootstrap&gt;:1331: in _find_and_load_unlocked
    ???
&lt;frozen importlib._bootstrap&gt;:935: in _load_unlocked
    ???
&lt;frozen importlib._bootstrap_external&gt;:995: in exec_module
    ???
&lt;frozen importlib._bootstrap&gt;:488: in _call_with_frames_removed
    ???
C:\Program Files\Blender Foundation\Blender 3.6\3.6\python\lib\site-packages\pxr\Tf\__init__.py:163: in &lt;module&gt;
    PreparePythonModule()
C:\Program Files\Blender Foundation\Blender 3.6\3.6\python\lib\site-packages\pxr\Tf\__init__.py:88: in PreparePythonModule
    module = importlib.import_module(
C:\Program Files\Python312\Lib\importlib\__init__.py:90: in import_module
    return _bootstrap._gcd_import(name[level:], package, level)
&lt;frozen importlib._bootstrap&gt;:1387: in _gcd_import
    ???
&lt;frozen importlib._bootstrap&gt;:1360: in _find_and_load
    ???
&lt;frozen importlib._bootstrap&gt;:1331: in _find_and_load_unlocked
    ???
&lt;frozen importlib._bootstrap&gt;:921: in _load_unlocked
    ???
&lt;frozen importlib._bootstrap&gt;:813: in module_from_spec
    ???
&lt;frozen importlib._bootstrap_external&gt;:1289: in create_module
    ???
&lt;frozen importlib._bootstrap&gt;:488: in _call_with_frames_removed
    ???
E   ImportError: DLL load failed while importing _tf: Не найден указанный модуль.</error></testcase><testcase classname="" name="Program Files.Blender Foundation.Blender 3.6.3.6.scripts.addons.io_curve_svg.svg_util_test" time="0.000"><error message="collection failure">ImportError while importing test module 'C:\Program Files\Blender Foundation\Blender 3.6\3.6\scripts\addons\io_curve_svg\svg_util_test.py'.
Hint: make sure your test modules/packages have valid Python names.
Traceback:
C:\Users\brysi\AppData\Roaming\Python\Python312\site-packages\_pytest\python.py:492: in importtestmodule
    mod = import_path(
C:\Users\brysi\AppData\Roaming\Python\Python312\site-packages\_pytest\pathlib.py:591: in import_path
    importlib.import_module(module_name)
C:\Program Files\Python312\Lib\importlib\__init__.py:90: in import_module
    return _bootstrap._gcd_import(name[level:], package, level)
&lt;frozen importlib._bootstrap&gt;:1387: in _gcd_import
    ???
&lt;frozen importlib._bootstrap&gt;:1360: in _find_and_load
    ???
&lt;frozen importlib._bootstrap&gt;:1310: in _find_and_load_unlocked
    ???
&lt;frozen importlib._bootstrap&gt;:488: in _call_with_frames_removed
    ???
&lt;frozen importlib._bootstrap&gt;:1387: in _gcd_import
    ???
&lt;frozen importlib._bootstrap&gt;:1360: in _find_and_load
    ???
&lt;frozen importlib._bootstrap&gt;:1331: in _find_and_load_unlocked
    ???
&lt;frozen importlib._bootstrap&gt;:935: in _load_unlocked
    ???
&lt;frozen importlib._bootstrap_external&gt;:995: in exec_module
    ???
&lt;frozen importlib._bootstrap&gt;:488: in _call_with_frames_removed
    ???
C:\Program Files\Blender Foundation\Blender 3.6\3.6\scripts\addons\io_curve_svg\__init__.py:24: in &lt;module&gt;
    import bpy
E   ModuleNotFoundError: No module named 'bpy'</error></testcase><testcase classname="" name="Program Files.Blender Foundation.Blender 3.6.3.6.scripts.addons.node_wrangler.utils.paths_test" time="0.000"><error message="collection failure">ImportError while importing test module 'C:\Program Files\Blender Foundation\Blender 3.6\3.6\scripts\addons\node_wrangler\utils\paths_test.py'.
Hint: make sure your test modules/packages have valid Python names.
Traceback:
C:\Users\brysi\AppData\Roaming\Python\Python312\site-packages\_pytest\python.py:492: in importtestmodule
    mod = import_path(
C:\Users\brysi\AppData\Roaming\Python\Python312\site-packages\_pytest\pathlib.py:591: in import_path
    importlib.import_module(module_name)
C:\Program Files\Python312\Lib\importlib\__init__.py:90: in import_module
    return _bootstrap._gcd_import(name[level:], package, level)
&lt;frozen importlib._bootstrap&gt;:1387: in _gcd_import
    ???
&lt;frozen importlib._bootstrap&gt;:1360: in _find_and_load
    ???
&lt;frozen importlib._bootstrap&gt;:1331: in _find_and_load_unlocked
    ???
&lt;frozen importlib._bootstrap&gt;:935: in _load_unlocked
    ???
C:\Users\brysi\AppData\Roaming\Python\Python312\site-packages\_pytest\assertion\rewrite.py:178: in exec_module
    exec(co, module.__dict__)
C:\Program Files\Blender Foundation\Blender 3.6\3.6\scripts\addons\node_wrangler\utils\paths_test.py:15: in &lt;module&gt;
    from .paths import match_files_to_socket_names
E   ImportError: attempted relative import with no known parent package</error></testcase><testcase classname="" name="Program Files.Blender Foundation.Blender 3.6.3.6.scripts.addons.space_view3d_stored_views.stored_views_test" time="0.000"><error message="collection failure">ImportError while importing test module 'C:\Program Files\Blender Foundation\Blender 3.6\3.6\scripts\addons\space_view3d_stored_views\stored_views_test.py'.
Hint: make sure your test modules/packages have valid Python names.
Traceback:
C:\Users\brysi\AppData\Roaming\Python\Python312\site-packages\_pytest\python.py:492: in importtestmodule
    mod = import_path(
C:\Users\brysi\AppData\Roaming\Python\Python312\site-packages\_pytest\pathlib.py:591: in import_path
    importlib.import_module(module_name)
C:\Program Files\Python312\Lib\importlib\__init__.py:90: in import_module
    return _bootstrap._gcd_import(name[level:], package, level)
&lt;frozen importlib._bootstrap&gt;:1387: in _gcd_import
    ???
&lt;frozen importlib._bootstrap&gt;:1360: in _find_and_load
    ???
&lt;frozen importlib._bootstrap&gt;:1310: in _find_and_load_unlocked
    ???
&lt;frozen importlib._bootstrap&gt;:488: in _call_with_frames_removed
    ???
&lt;frozen importlib._bootstrap&gt;:1387: in _gcd_import
    ???
&lt;frozen importlib._bootstrap&gt;:1360: in _find_and_load
    ???
&lt;frozen importlib._bootstrap&gt;:1331: in _find_and_load_unlocked
    ???
&lt;frozen importlib._bootstrap&gt;:935: in _load_unlocked
    ???
&lt;frozen importlib._bootstrap_external&gt;:995: in exec_module
    ???
&lt;frozen importlib._bootstrap&gt;:488: in _call_with_frames_removed
    ???
C:\Program Files\Blender Foundation\Blender 3.6\3.6\scripts\addons\space_view3d_stored_views\__init__.py:44: in &lt;module&gt;
    import bpy
E   ModuleNotFoundError: No module named 'bpy'</error></testcase><testcase classname="" name="Program Files.JetBrains.PyCharm Community Edition 2024.1.3.plugins.python-ce.helpers.pycharm.pycharm_commands.pycharm_test" time="0.000"><error message="collection failure">C:\Program Files\JetBrains\PyCharm Community Edition 2024.1.3\plugins\python-ce\helpers\pycharm\pycharm_commands\pycharm_test.py:3: in &lt;module&gt;
    from pkg_resources import EntryPoint
C:\Program Files\Blender Foundation\Blender 3.6\3.6\python\lib\site-packages\pkg_resources\__init__.py:2191: in &lt;module&gt;
    register_finder(pkgutil.ImpImporter, find_on_path)
E   AttributeError: module 'pkgutil' has no attribute 'ImpImporter'. Did you mean: 'zipimporter'?</error></testcase><testcase classname="" name="Program Files.Microsoft SQL Server.MSAS16.MSSQLSERVER.OLAP.Backup" time="0.000"><error message="collection failure">C:\Users\brysi\AppData\Roaming\Python\Python312\site-packages\_pytest\runner.py:341: in from_call
    result: Optional[TResult] = func()
C:\Users\brysi\AppData\Roaming\Python\Python312\site-packages\_pytest\runner.py:389: in collect
    return list(collector.collect())
C:\Users\brysi\AppData\Roaming\Python\Python312\site-packages\_pytest\main.py:523: in collect
    for direntry in scandir(self.path):
C:\Users\brysi\AppData\Roaming\Python\Python312\site-packages\_pytest\pathlib.py:896: in scandir
    with os.scandir(path) as s:
E   PermissionError: [WinError 5] Отказано в доступе: 'C:\\Program Files\\Microsoft SQL Server\\MSAS16.MSSQLSERVER\\OLAP\\Backup'</error></testcase><testcase classname="" name="Program Files.Microsoft SQL Server.MSAS16.MSSQLSERVER.OLAP.Config" time="0.000"><error message="collection failure">C:\Users\brysi\AppData\Roaming\Python\Python312\site-packages\_pytest\runner.py:341: in from_call
    result: Optional[TResult] = func()
C:\Users\brysi\AppData\Roaming\Python\Python312\site-packages\_pytest\runner.py:389: in collect
    return list(collector.collect())
C:\Users\brysi\AppData\Roaming\Python\Python312\site-packages\_pytest\main.py:523: in collect
    for direntry in scandir(self.path):
C:\Users\brysi\AppData\Roaming\Python\Python312\site-packages\_pytest\pathlib.py:896: in scandir
    with os.scandir(path) as s:
E   PermissionError: [WinError 5] Отказано в доступе: 'C:\\Program Files\\Microsoft SQL Server\\MSAS16.MSSQLSERVER\\OLAP\\Config'</error></testcase><testcase classname="" name="Program Files.Microsoft SQL Server.MSAS16.MSSQLSERVER.OLAP.Data" time="0.000"><error message="collection failure">C:\Users\brysi\AppData\Roaming\Python\Python312\site-packages\_pytest\runner.py:341: in from_call
    result: Optional[TResult] = func()
C:\Users\brysi\AppData\Roaming\Python\Python312\site-packages\_pytest\runner.py:389: in collect
    return list(collector.collect())
C:\Users\brysi\AppData\Roaming\Python\Python312\site-packages\_pytest\main.py:523: in collect
    for direntry in scandir(self.path):
C:\Users\brysi\AppData\Roaming\Python\Python312\site-packages\_pytest\pathlib.py:896: in scandir
    with os.scandir(path) as s:
E   PermissionError: [WinError 5] Отказано в доступе: 'C:\\Program Files\\Microsoft SQL Server\\MSAS16.MSSQLSERVER\\OLAP\\Data'</error></testcase><testcase classname="" name="Program Files.Microsoft SQL Server.MSAS16.MSSQLSERVER.OLAP.Log" time="0.000"><error message="collection failure">C:\Users\brysi\AppData\Roaming\Python\Python312\site-packages\_pytest\runner.py:341: in from_call
    result: Optional[TResult] = func()
C:\Users\brysi\AppData\Roaming\Python\Python312\site-packages\_pytest\runner.py:389: in collect
    return list(collector.collect())
C:\Users\brysi\AppData\Roaming\Python\Python312\site-packages\_pytest\main.py:523: in collect
    for direntry in scandir(self.path):
C:\Users\brysi\AppData\Roaming\Python\Python312\site-packages\_pytest\pathlib.py:896: in scandir
    with os.scandir(path) as s:
E   PermissionError: [WinError 5] Отказано в доступе: 'C:\\Program Files\\Microsoft SQL Server\\MSAS16.MSSQLSERVER\\OLAP\\Log'</error></testcase><testcase classname="" name="Program Files.Microsoft SQL Server.MSAS16.MSSQLSERVER.OLAP.Temp" time="0.000"><error message="collection failure">C:\Users\brysi\AppData\Roaming\Python\Python312\site-packages\_pytest\runner.py:341: in from_call
    result: Optional[TResult] = func()
C:\Users\brysi\AppData\Roaming\Python\Python312\site-packages\_pytest\runner.py:389: in collect
    return list(collector.collect())
C:\Users\brysi\AppData\Roaming\Python\Python312\site-packages\_pytest\main.py:523: in collect
    for direntry in scandir(self.path):
C:\Users\brysi\AppData\Roaming\Python\Python312\site-packages\_pytest\pathlib.py:896: in scandir
    with os.scandir(path) as s:
E   PermissionError: [WinError 5] Отказано в доступе: 'C:\\Program Files\\Microsoft SQL Server\\MSAS16.MSSQLSERVER\\OLAP\\Temp'</error></testcase><testcase classname="" name="Program Files.Microsoft SQL Server.MSSQL16.MSSQLSERVER.MSSQL.Binn.Xtp" time="0.000"><error message="collection failure">C:\Users\brysi\AppData\Roaming\Python\Python312\site-packages\_pytest\runner.py:341: in from_call
    result: Optional[TResult] = func()
C:\Users\brysi\AppData\Roaming\Python\Python312\site-packages\_pytest\runner.py:389: in collect
    return list(collector.collect())
C:\Users\brysi\AppData\Roaming\Python\Python312\site-packages\_pytest\main.py:523: in collect
    for direntry in scandir(self.path):
C:\Users\brysi\AppData\Roaming\Python\Python312\site-packages\_pytest\pathlib.py:896: in scandir
    with os.scandir(path) as s:
E   PermissionError: [WinError 5] Отказано в доступе: 'C:\\Program Files\\Microsoft SQL Server\\MSSQL16.MSSQLSERVER\\MSSQL\\Binn\\Xtp'</error></testcase><testcase classname="" name="Program Files.Microsoft SQL Server.MSSQL16.MSSQLSERVER.MSSQL.ExtensibilityData" time="0.000"><error message="collection failure">C:\Users\brysi\AppData\Roaming\Python\Python312\site-packages\_pytest\runner.py:341: in from_call
    result: Optional[TResult] = func()
C:\Users\brysi\AppData\Roaming\Python\Python312\site-packages\_pytest\runner.py:389: in collect
    return list(collector.collect())
C:\Users\brysi\AppData\Roaming\Python\Python312\site-packages\_pytest\main.py:523: in collect
    for direntry in scandir(self.path):
C:\Users\brysi\AppData\Roaming\Python\Python312\site-packages\_pytest\pathlib.py:896: in scandir
    with os.scandir(path) as s:
E   PermissionError: [WinError 5] Отказано в доступе: 'C:\\Program Files\\Microsoft SQL Server\\MSSQL16.MSSQLSERVER\\MSSQL\\ExtensibilityData'</error></testcase><testcase classname="" name="Program Files.Microsoft SQL Server.MSSQL16.MSSQLSERVER.MSSQL.ExternalLanguagesTemp" time="0.000"><error message="collection failure">C:\Users\brysi\AppData\Roaming\Python\Python312\site-packages\_pytest\runner.py:341: in from_call
    result: Optional[TResult] = func()
C:\Users\brysi\AppData\Roaming\Python\Python312\site-packages\_pytest\runner.py:389: in collect
    return list(collector.collect())
C:\Users\brysi\AppData\Roaming\Python\Python312\site-packages\_pytest\main.py:523: in collect
    for direntry in scandir(self.path):
C:\Users\brysi\AppData\Roaming\Python\Python312\site-packages\_pytest\pathlib.py:896: in scandir
    with os.scandir(path) as s:
E   PermissionError: [WinError 5] Отказано в доступе: 'C:\\Program Files\\Microsoft SQL Server\\MSSQL16.MSSQLSERVER\\MSSQL\\ExternalLanguagesTemp'</error></testcase><testcase classname="" name="Program Files.Microsoft SQL Server.MSSQL16.MSSQLSERVER.MSSQL.ExternalLibraries" time="0.000"><error message="collection failure">C:\Users\brysi\AppData\Roaming\Python\Python312\site-packages\_pytest\runner.py:341: in from_call
    result: Optional[TResult] = func()
C:\Users\brysi\AppData\Roaming\Python\Python312\site-packages\_pytest\runner.py:389: in collect
    return list(collector.collect())
C:\Users\brysi\AppData\Roaming\Python\Python312\site-packages\_pytest\main.py:523: in collect
    for direntry in scandir(self.path):
C:\Users\brysi\AppData\Roaming\Python\Python312\site-packages\_pytest\pathlib.py:896: in scandir
    with os.scandir(path) as s:
E   PermissionError: [WinError 5] Отказано в доступе: 'C:\\Program Files\\Microsoft SQL Server\\MSSQL16.MSSQLSERVER\\MSSQL\\ExternalLibraries'</error></testcase><testcase classname="" name="Program Files.Microsoft SQL Server.MSSQL16.MSSQLSERVER.MSSQL.ExternalLibrariesTemp" time="0.000"><error message="collection failure">C:\Users\brysi\AppData\Roaming\Python\Python312\site-packages\_pytest\runner.py:341: in from_call
    result: Optional[TResult] = func()
C:\Users\brysi\AppData\Roaming\Python\Python312\site-packages\_pytest\runner.py:389: in collect
    return list(collector.collect())
C:\Users\brysi\AppData\Roaming\Python\Python312\site-packages\_pytest\main.py:523: in collect
    for direntry in scandir(self.path):
C:\Users\brysi\AppData\Roaming\Python\Python312\site-packages\_pytest\pathlib.py:896: in scandir
    with os.scandir(path) as s:
E   PermissionError: [WinError 5] Отказано в доступе: 'C:\\Program Files\\Microsoft SQL Server\\MSSQL16.MSSQLSERVER\\MSSQL\\ExternalLibrariesTemp'</error></testcase><testcase classname="" name="Program Files.Microsoft SQL Server.MSSQL16.MSSQLSERVER.MSSQL.FTData" time="0.000"><error message="collection failure">C:\Users\brysi\AppData\Roaming\Python\Python312\site-packages\_pytest\runner.py:341: in from_call
    result: Optional[TResult] = func()
C:\Users\brysi\AppData\Roaming\Python\Python312\site-packages\_pytest\runner.py:389: in collect
    return list(collector.collect())
C:\Users\brysi\AppData\Roaming\Python\Python312\site-packages\_pytest\main.py:523: in collect
    for direntry in scandir(self.path):
C:\Users\brysi\AppData\Roaming\Python\Python312\site-packages\_pytest\pathlib.py:896: in scandir
    with os.scandir(path) as s:
E   PermissionError: [WinError 5] Отказано в доступе: 'C:\\Program Files\\Microsoft SQL Server\\MSSQL16.MSSQLSERVER\\MSSQL\\FTData'</error></testcase><testcase classname="" name="Program Files.Microsoft SQL Server.MSSQL16.MSSQLSERVER.MSSQL.JOBS" time="0.000"><error message="collection failure">C:\Users\brysi\AppData\Roaming\Python\Python312\site-packages\_pytest\runner.py:341: in from_call
    result: Optional[TResult] = func()
C:\Users\brysi\AppData\Roaming\Python\Python312\site-packages\_pytest\runner.py:389: in collect
    return list(collector.collect())
C:\Users\brysi\AppData\Roaming\Python\Python312\site-packages\_pytest\main.py:523: in collect
    for direntry in scandir(self.path):
C:\Users\brysi\AppData\Roaming\Python\Python312\site-packages\_pytest\pathlib.py:896: in scandir
    with os.scandir(path) as s:
E   PermissionError: [WinError 5] Отказано в доступе: 'C:\\Program Files\\Microsoft SQL Server\\MSSQL16.MSSQLSERVER\\MSSQL\\JOBS'</error></testcase><testcase classname="" name="Program Files.Microsoft SQL Server.MSSQL16.MSSQLSERVER.MSSQL.Log" time="0.000"><error message="collection failure">C:\Users\brysi\AppData\Roaming\Python\Python312\site-packages\_pytest\runner.py:341: in from_call
    result: Optional[TResult] = func()
C:\Users\brysi\AppData\Roaming\Python\Python312\site-packages\_pytest\runner.py:389: in collect
    return list(collector.collect())
C:\Users\brysi\AppData\Roaming\Python\Python312\site-packages\_pytest\main.py:523: in collect
    for direntry in scandir(self.path):
C:\Users\brysi\AppData\Roaming\Python\Python312\site-packages\_pytest\pathlib.py:896: in scandir
    with os.scandir(path) as s:
E   PermissionError: [WinError 5] Отказано в доступе: 'C:\\Program Files\\Microsoft SQL Server\\MSSQL16.MSSQLSERVER\\MSSQL\\Log'</error></testcase><testcase classname="" name="Program Files.Microsoft SQL Server.MSSQL16.MSSQLSERVER.MSSQL.repldata" time="0.000"><error message="collection failure">C:\Users\brysi\AppData\Roaming\Python\Python312\site-packages\_pytest\runner.py:341: in from_call
    result: Optional[TResult] = func()
C:\Users\brysi\AppData\Roaming\Python\Python312\site-packages\_pytest\runner.py:389: in collect
    return list(collector.collect())
C:\Users\brysi\AppData\Roaming\Python\Python312\site-packages\_pytest\main.py:523: in collect
    for direntry in scandir(self.path):
C:\Users\brysi\AppData\Roaming\Python\Python312\site-packages\_pytest\pathlib.py:896: in scandir
    with os.scandir(path) as s:
E   PermissionError: [WinError 5] Отказано в доступе: 'C:\\Program Files\\Microsoft SQL Server\\MSSQL16.MSSQLSERVER\\MSSQL\\repldata'</error></testcase><testcase classname="" name="Program Files.Microsoft Visual Studio.2022.Community.Common7.IDE.CommonExtensions.Microsoft.VC.SecurityIssueAnalysis.python.lib.site-packages.adodbapi.test.test_adodbapi_dbapi20" time="0.000"><error message="collection failure">ImportError while importing test module 'C:\Program Files\Microsoft Visual Studio\2022\Community\Common7\IDE\CommonExtensions\Microsoft\VC\SecurityIssueAnalysis\python\lib\site-packages\adodbapi\test\test_adodbapi_dbapi20.py'.
Hint: make sure your test modules/packages have valid Python names.
Traceback:
C:\Users\brysi\AppData\Roaming\Python\Python312\site-packages\_pytest\python.py:492: in importtestmodule
    mod = import_path(
C:\Users\brysi\AppData\Roaming\Python\Python312\site-packages\_pytest\pathlib.py:591: in import_path
    importlib.import_module(module_name)
C:\Program Files\Python312\Lib\importlib\__init__.py:90: in import_module
    return _bootstrap._gcd_import(name[level:], package, level)
&lt;frozen importlib._bootstrap&gt;:1387: in _gcd_import
    ???
&lt;frozen importlib._bootstrap&gt;:1360: in _find_and_load
    ???
&lt;frozen importlib._bootstrap&gt;:1331: in _find_and_load_unlocked
    ???
&lt;frozen importlib._bootstrap&gt;:935: in _load_unlocked
    ???
C:\Users\brysi\AppData\Roaming\Python\Python312\site-packages\_pytest\assertion\rewrite.py:178: in exec_module
    exec(co, module.__dict__)
C:\Program Files\Microsoft Visual Studio\2022\Community\Common7\IDE\CommonExtensions\Microsoft\VC\SecurityIssueAnalysis\python\lib\site-packages\adodbapi\test\test_adodbapi_dbapi20.py:21: in &lt;module&gt;
    import adodbapi
E   ModuleNotFoundError: No module named 'adodbapi'</error></testcase><testcase classname="" name="Program Files.Microsoft Visual Studio.2022.Community.Common7.IDE.CommonExtensions.Microsoft.VC.SecurityIssueAnalysis.python.lib.site-packages.numpy" time="0.000"><error message="collection failure">C:\Program Files\Microsoft Visual Studio\2022\Community\Common7\IDE\CommonExtensions\Microsoft\VC\SecurityIssueAnalysis\python\lib\site-packages\numpy\core\__init__.py:24: in &lt;module&gt;
    from . import multiarray
C:\Program Files\Microsoft Visual Studio\2022\Community\Common7\IDE\CommonExtensions\Microsoft\VC\SecurityIssueAnalysis\python\lib\site-packages\numpy\core\multiarray.py:10: in &lt;module&gt;
    from . import overrides
C:\Program Files\Microsoft Visual Studio\2022\Community\Common7\IDE\CommonExtensions\Microsoft\VC\SecurityIssueAnalysis\python\lib\site-packages\numpy\core\overrides.py:8: in &lt;module&gt;
    from numpy.core._multiarray_umath import (
E   ModuleNotFoundError: No module named 'numpy.core._multiarray_umath'

During handling of the above exception, another exception occurred:
C:\Program Files\Python312\Lib\importlib\__init__.py:90: in import_module
    return _bootstrap._gcd_import(name[level:], package, level)
&lt;frozen importlib._bootstrap&gt;:1387: in _gcd_import
    ???
&lt;frozen importlib._bootstrap&gt;:1360: in _find_and_load
    ???
&lt;frozen importlib._bootstrap&gt;:1310: in _find_and_load_unlocked
    ???
&lt;frozen importlib._bootstrap&gt;:488: in _call_with_frames_removed
    ???
&lt;frozen importlib._bootstrap&gt;:1387: in _gcd_import
    ???
&lt;frozen importlib._bootstrap&gt;:1360: in _find_and_load
    ???
&lt;frozen importlib._bootstrap&gt;:1331: in _find_and_load_unlocked
    ???
&lt;frozen importlib._bootstrap&gt;:935: in _load_unlocked
    ???
&lt;frozen importlib._bootstrap_external&gt;:995: in exec_module
    ???
&lt;frozen importlib._bootstrap&gt;:488: in _call_with_frames_removed
    ???
C:\Program Files\Microsoft Visual Studio\2022\Community\Common7\IDE\CommonExtensions\Microsoft\VC\SecurityIssueAnalysis\python\lib\site-packages\numpy\__init__.py:158: in &lt;module&gt;
    from . import core
C:\Program Files\Microsoft Visual Studio\2022\Community\Common7\IDE\CommonExtensions\Microsoft\VC\SecurityIssueAnalysis\python\lib\site-packages\numpy\core\__init__.py:50: in &lt;module&gt;
    raise ImportError(msg)
E   ImportError: 
E   
E   IMPORTANT: PLEASE READ THIS FOR ADVICE ON HOW TO SOLVE THIS ISSUE!
E   
E   Importing the numpy C-extensions failed. This error can happen for
E   many reasons, often due to issues with your setup or how NumPy was
E   installed.
E   
E   We have compiled some common reasons and troubleshooting tips at:
E   
E       https://numpy.org/devdocs/user/troubleshooting-importerror.html
E   
E   Please note and check the following:
E   
E     * The Python version is: Python3.12 from "C:\Program Files\Python312\python.exe"
E     * The NumPy version is: "1.23.5"
E   
E   and make sure that they are the versions you expect.
E   Please carefully study the documentation linked above for further help.
E   
E   Original error was: No module named 'numpy.core._multiarray_umath'</error></testcase><testcase classname="" name="Program Files.Microsoft Visual Studio.2022.Community.Common7.IDE.CommonExtensions.Microsoft.VC.SecurityIssueAnalysis.python.lib.site-packages.pandas" time="0.000"><error message="collection failure">C:\Program Files\Python312\Lib\importlib\__init__.py:90: in import_module
    return _bootstrap._gcd_import(name[level:], package, level)
&lt;frozen importlib._bootstrap&gt;:1387: in _gcd_import
    ???
&lt;frozen importlib._bootstrap&gt;:1360: in _find_and_load
    ???
&lt;frozen importlib._bootstrap&gt;:1310: in _find_and_load_unlocked
    ???
&lt;frozen importlib._bootstrap&gt;:488: in _call_with_frames_removed
    ???
&lt;frozen importlib._bootstrap&gt;:1387: in _gcd_import
    ???
&lt;frozen importlib._bootstrap&gt;:1360: in _find_and_load
    ???
&lt;frozen importlib._bootstrap&gt;:1331: in _find_and_load_unlocked
    ???
&lt;frozen importlib._bootstrap&gt;:935: in _load_unlocked
    ???
&lt;frozen importlib._bootstrap_external&gt;:995: in exec_module
    ???
&lt;frozen importlib._bootstrap&gt;:488: in _call_with_frames_removed
    ???
C:\Program Files\Microsoft Visual Studio\2022\Community\Common7\IDE\CommonExtensions\Microsoft\VC\SecurityIssueAnalysis\python\lib\site-packages\pandas\__init__.py:16: in &lt;module&gt;
    raise ImportError(
E   ImportError: Unable to import required dependencies:
E   numpy: 
E   
E   IMPORTANT: PLEASE READ THIS FOR ADVICE ON HOW TO SOLVE THIS ISSUE!
E   
E   Importing the numpy C-extensions failed. This error can happen for
E   many reasons, often due to issues with your setup or how NumPy was
E   installed.
E   
E   We have compiled some common reasons and troubleshooting tips at:
E   
E       https://numpy.org/devdocs/user/troubleshooting-importerror.html
E   
E   Please note and check the following:
E   
E     * The Python version is: Python3.12 from "C:\Program Files\Python312\python.exe"
E     * The NumPy version is: "1.23.5"
E   
E   and make sure that they are the versions you expect.
E   Please carefully study the documentation linked above for further help.
E   
E   Original error was: No module named 'numpy.core._multiarray_umath'</error></testcase><testcase classname="" name="Program Files.Microsoft Visual Studio.2022.Community.Common7.IDE.CommonExtensions.Microsoft.VC.SecurityIssueAnalysis.python.lib.site-packages.sniffio._tests.test_sniffio" time="0.000"><error message="collection failure">import file mismatch:
imported module 'sniffio._tests.test_sniffio' has this __file__ attribute:
  C:\Users\brysi\AppData\Roaming\Python\Python312\site-packages\sniffio\_tests\test_sniffio.py
which is not the same as the test file we want to collect:
  C:\Program Files\Microsoft Visual Studio\2022\Community\Common7\IDE\CommonExtensions\Microsoft\VC\SecurityIssueAnalysis\python\lib\site-packages\sniffio\_tests\test_sniffio.py
HINT: remove __pycache__ / .pyc files and/or use a unique basename for your test file modules</error></testcase><testcase classname="" name="Program Files.Microsoft Visual Studio.2022.Community.Common7.IDE.CommonExtensions.Microsoft.VC.SecurityIssueAnalysis.python.lib.site-packages.win32.test.test_clipboard" time="0.000"><error message="collection failure">ImportError while importing test module 'C:\Program Files\Microsoft Visual Studio\2022\Community\Common7\IDE\CommonExtensions\Microsoft\VC\SecurityIssueAnalysis\python\lib\site-packages\win32\test\test_clipboard.py'.
Hint: make sure your test modules/packages have valid Python names.
Traceback:
C:\Users\brysi\AppData\Roaming\Python\Python312\site-packages\_pytest\python.py:492: in importtestmodule
    mod = import_path(
C:\Users\brysi\AppData\Roaming\Python\Python312\site-packages\_pytest\pathlib.py:591: in import_path
    importlib.import_module(module_name)
C:\Program Files\Python312\Lib\importlib\__init__.py:90: in import_module
    return _bootstrap._gcd_import(name[level:], package, level)
&lt;frozen importlib._bootstrap&gt;:1387: in _gcd_import
    ???
&lt;frozen importlib._bootstrap&gt;:1360: in _find_and_load
    ???
&lt;frozen importlib._bootstrap&gt;:1331: in _find_and_load_unlocked
    ???
&lt;frozen importlib._bootstrap&gt;:935: in _load_unlocked
    ???
C:\Users\brysi\AppData\Roaming\Python\Python312\site-packages\_pytest\assertion\rewrite.py:178: in exec_module
    exec(co, module.__dict__)
C:\Program Files\Microsoft Visual Studio\2022\Community\Common7\IDE\CommonExtensions\Microsoft\VC\SecurityIssueAnalysis\python\lib\site-packages\win32\test\test_clipboard.py:7: in &lt;module&gt;
    import pywintypes
E   ModuleNotFoundError: No module named 'pywintypes'</error></testcase><testcase classname="" name="Program Files.Microsoft Visual Studio.2022.Community.Common7.IDE.CommonExtensions.Microsoft.VC.SecurityIssueAnalysis.python.lib.site-packages.win32.test.test_exceptions" time="0.000"><error message="collection failure">ImportError while importing test module 'C:\Program Files\Microsoft Visual Studio\2022\Community\Common7\IDE\CommonExtensions\Microsoft\VC\SecurityIssueAnalysis\python\lib\site-packages\win32\test\test_exceptions.py'.
Hint: make sure your test modules/packages have valid Python names.
Traceback:
C:\Users\brysi\AppData\Roaming\Python\Python312\site-packages\_pytest\python.py:492: in importtestmodule
    mod = import_path(
C:\Users\brysi\AppData\Roaming\Python\Python312\site-packages\_pytest\pathlib.py:591: in import_path
    importlib.import_module(module_name)
C:\Program Files\Python312\Lib\importlib\__init__.py:90: in import_module
    return _bootstrap._gcd_import(name[level:], package, level)
&lt;frozen importlib._bootstrap&gt;:1387: in _gcd_import
    ???
&lt;frozen importlib._bootstrap&gt;:1360: in _find_and_load
    ???
&lt;frozen importlib._bootstrap&gt;:1331: in _find_and_load_unlocked
    ???
&lt;frozen importlib._bootstrap&gt;:935: in _load_unlocked
    ???
C:\Users\brysi\AppData\Roaming\Python\Python312\site-packages\_pytest\assertion\rewrite.py:178: in exec_module
    exec(co, module.__dict__)
C:\Program Files\Microsoft Visual Studio\2022\Community\Common7\IDE\CommonExtensions\Microsoft\VC\SecurityIssueAnalysis\python\lib\site-packages\win32\test\test_exceptions.py:5: in &lt;module&gt;
    import pythoncom
C:\Program Files\Microsoft Visual Studio\2022\Community\Common7\IDE\CommonExtensions\Microsoft\VC\SecurityIssueAnalysis\python\lib\site-packages\pythoncom.py:2: in &lt;module&gt;
    import pywintypes
E   ModuleNotFoundError: No module named 'pywintypes'</error></testcase><testcase classname="" name="Program Files.Microsoft Visual Studio.2022.Community.Common7.IDE.CommonExtensions.Microsoft.VC.SecurityIssueAnalysis.python.lib.site-packages.win32.test.test_odbc" time="0.000"><error message="collection failure">ImportError while importing test module 'C:\Program Files\Microsoft Visual Studio\2022\Community\Common7\IDE\CommonExtensions\Microsoft\VC\SecurityIssueAnalysis\python\lib\site-packages\win32\test\test_odbc.py'.
Hint: make sure your test modules/packages have valid Python names.
Traceback:
C:\Users\brysi\AppData\Roaming\Python\Python312\site-packages\_pytest\python.py:492: in importtestmodule
    mod = import_path(
C:\Users\brysi\AppData\Roaming\Python\Python312\site-packages\_pytest\pathlib.py:591: in import_path
    importlib.import_module(module_name)
C:\Program Files\Python312\Lib\importlib\__init__.py:90: in import_module
    return _bootstrap._gcd_import(name[level:], package, level)
&lt;frozen importlib._bootstrap&gt;:1387: in _gcd_import
    ???
&lt;frozen importlib._bootstrap&gt;:1360: in _find_and_load
    ???
&lt;frozen importlib._bootstrap&gt;:1331: in _find_and_load_unlocked
    ???
&lt;frozen importlib._bootstrap&gt;:935: in _load_unlocked
    ???
C:\Users\brysi\AppData\Roaming\Python\Python312\site-packages\_pytest\assertion\rewrite.py:178: in exec_module
    exec(co, module.__dict__)
C:\Program Files\Microsoft Visual Studio\2022\Community\Common7\IDE\CommonExtensions\Microsoft\VC\SecurityIssueAnalysis\python\lib\site-packages\win32\test\test_odbc.py:7: in &lt;module&gt;
    import odbc
E   ModuleNotFoundError: No module named 'odbc'</error></testcase><testcase classname="" name="Program Files.Microsoft Visual Studio.2022.Community.Common7.IDE.CommonExtensions.Microsoft.VC.SecurityIssueAnalysis.python.lib.site-packages.win32.test.test_pywintypes" time="0.000"><error message="collection failure">ImportError while importing test module 'C:\Program Files\Microsoft Visual Studio\2022\Community\Common7\IDE\CommonExtensions\Microsoft\VC\SecurityIssueAnalysis\python\lib\site-packages\win32\test\test_pywintypes.py'.
Hint: make sure your test modules/packages have valid Python names.
Traceback:
C:\Users\brysi\AppData\Roaming\Python\Python312\site-packages\_pytest\python.py:492: in importtestmodule
    mod = import_path(
C:\Users\brysi\AppData\Roaming\Python\Python312\site-packages\_pytest\pathlib.py:591: in import_path
    importlib.import_module(module_name)
C:\Program Files\Python312\Lib\importlib\__init__.py:90: in import_module
    return _bootstrap._gcd_import(name[level:], package, level)
&lt;frozen importlib._bootstrap&gt;:1387: in _gcd_import
    ???
&lt;frozen importlib._bootstrap&gt;:1360: in _find_and_load
    ???
&lt;frozen importlib._bootstrap&gt;:1331: in _find_and_load_unlocked
    ???
&lt;frozen importlib._bootstrap&gt;:935: in _load_unlocked
    ???
C:\Users\brysi\AppData\Roaming\Python\Python312\site-packages\_pytest\assertion\rewrite.py:178: in exec_module
    exec(co, module.__dict__)
C:\Program Files\Microsoft Visual Studio\2022\Community\Common7\IDE\CommonExtensions\Microsoft\VC\SecurityIssueAnalysis\python\lib\site-packages\win32\test\test_pywintypes.py:7: in &lt;module&gt;
    import pywintypes
E   ModuleNotFoundError: No module named 'pywintypes'</error></testcase><testcase classname="" name="Program Files.Microsoft Visual Studio.2022.Community.Common7.IDE.CommonExtensions.Microsoft.VC.SecurityIssueAnalysis.python.lib.site-packages.win32.test.test_security" time="0.000"><error message="collection failure">ImportError while importing test module 'C:\Program Files\Microsoft Visual Studio\2022\Community\Common7\IDE\CommonExtensions\Microsoft\VC\SecurityIssueAnalysis\python\lib\site-packages\win32\test\test_security.py'.
Hint: make sure your test modules/packages have valid Python names.
Traceback:
C:\Users\brysi\AppData\Roaming\Python\Python312\site-packages\_pytest\python.py:492: in importtestmodule
    mod = import_path(
C:\Users\brysi\AppData\Roaming\Python\Python312\site-packages\_pytest\pathlib.py:591: in import_path
    importlib.import_module(module_name)
C:\Program Files\Python312\Lib\importlib\__init__.py:90: in import_module
    return _bootstrap._gcd_import(name[level:], package, level)
&lt;frozen importlib._bootstrap&gt;:1387: in _gcd_import
    ???
&lt;frozen importlib._bootstrap&gt;:1360: in _find_and_load
    ???
&lt;frozen importlib._bootstrap&gt;:1331: in _find_and_load_unlocked
    ???
&lt;frozen importlib._bootstrap&gt;:935: in _load_unlocked
    ???
C:\Users\brysi\AppData\Roaming\Python\Python312\site-packages\_pytest\assertion\rewrite.py:178: in exec_module
    exec(co, module.__dict__)
C:\Program Files\Microsoft Visual Studio\2022\Community\Common7\IDE\CommonExtensions\Microsoft\VC\SecurityIssueAnalysis\python\lib\site-packages\win32\test\test_security.py:4: in &lt;module&gt;
    import ntsecuritycon
E   ModuleNotFoundError: No module named 'ntsecuritycon'</error></testcase><testcase classname="" name="Program Files.Microsoft Visual Studio.2022.Community.Common7.IDE.CommonExtensions.Microsoft.VC.SecurityIssueAnalysis.python.lib.site-packages.win32.test.test_sspi" time="0.000"><error message="collection failure">ImportError while importing test module 'C:\Program Files\Microsoft Visual Studio\2022\Community\Common7\IDE\CommonExtensions\Microsoft\VC\SecurityIssueAnalysis\python\lib\site-packages\win32\test\test_sspi.py'.
Hint: make sure your test modules/packages have valid Python names.
Traceback:
C:\Users\brysi\AppData\Roaming\Python\Python312\site-packages\_pytest\python.py:492: in importtestmodule
    mod = import_path(
C:\Users\brysi\AppData\Roaming\Python\Python312\site-packages\_pytest\pathlib.py:591: in import_path
    importlib.import_module(module_name)
C:\Program Files\Python312\Lib\importlib\__init__.py:90: in import_module
    return _bootstrap._gcd_import(name[level:], package, level)
&lt;frozen importlib._bootstrap&gt;:1387: in _gcd_import
    ???
&lt;frozen importlib._bootstrap&gt;:1360: in _find_and_load
    ???
&lt;frozen importlib._bootstrap&gt;:1331: in _find_and_load_unlocked
    ???
&lt;frozen importlib._bootstrap&gt;:935: in _load_unlocked
    ???
C:\Users\brysi\AppData\Roaming\Python\Python312\site-packages\_pytest\assertion\rewrite.py:178: in exec_module
    exec(co, module.__dict__)
C:\Program Files\Microsoft Visual Studio\2022\Community\Common7\IDE\CommonExtensions\Microsoft\VC\SecurityIssueAnalysis\python\lib\site-packages\win32\test\test_sspi.py:7: in &lt;module&gt;
    import sspi
E   ModuleNotFoundError: No module named 'sspi'</error></testcase><testcase classname="" name="Program Files.Microsoft Visual Studio.2022.Community.Common7.IDE.CommonExtensions.Microsoft.VC.SecurityIssueAnalysis.python.lib.site-packages.win32.test.test_win32api" time="0.000"><error message="collection failure">ImportError while importing test module 'C:\Program Files\Microsoft Visual Studio\2022\Community\Common7\IDE\CommonExtensions\Microsoft\VC\SecurityIssueAnalysis\python\lib\site-packages\win32\test\test_win32api.py'.
Hint: make sure your test modules/packages have valid Python names.
Traceback:
C:\Users\brysi\AppData\Roaming\Python\Python312\site-packages\_pytest\python.py:492: in importtestmodule
    mod = import_path(
C:\Users\brysi\AppData\Roaming\Python\Python312\site-packages\_pytest\pathlib.py:591: in import_path
    importlib.import_module(module_name)
C:\Program Files\Python312\Lib\importlib\__init__.py:90: in import_module
    return _bootstrap._gcd_import(name[level:], package, level)
&lt;frozen importlib._bootstrap&gt;:1387: in _gcd_import
    ???
&lt;frozen importlib._bootstrap&gt;:1360: in _find_and_load
    ???
&lt;frozen importlib._bootstrap&gt;:1331: in _find_and_load_unlocked
    ???
&lt;frozen importlib._bootstrap&gt;:935: in _load_unlocked
    ???
C:\Users\brysi\AppData\Roaming\Python\Python312\site-packages\_pytest\assertion\rewrite.py:178: in exec_module
    exec(co, module.__dict__)
C:\Program Files\Microsoft Visual Studio\2022\Community\Common7\IDE\CommonExtensions\Microsoft\VC\SecurityIssueAnalysis\python\lib\site-packages\win32\test\test_win32api.py:9: in &lt;module&gt;
    import win32api
E   ModuleNotFoundError: No module named 'win32api'</error></testcase><testcase classname="" name="Program Files.Microsoft Visual Studio.2022.Community.Common7.IDE.CommonExtensions.Microsoft.VC.SecurityIssueAnalysis.python.lib.site-packages.win32.test.test_win32crypt" time="0.000"><error message="collection failure">ImportError while importing test module 'C:\Program Files\Microsoft Visual Studio\2022\Community\Common7\IDE\CommonExtensions\Microsoft\VC\SecurityIssueAnalysis\python\lib\site-packages\win32\test\test_win32crypt.py'.
Hint: make sure your test modules/packages have valid Python names.
Traceback:
C:\Users\brysi\AppData\Roaming\Python\Python312\site-packages\_pytest\python.py:492: in importtestmodule
    mod = import_path(
C:\Users\brysi\AppData\Roaming\Python\Python312\site-packages\_pytest\pathlib.py:591: in import_path
    importlib.import_module(module_name)
C:\Program Files\Python312\Lib\importlib\__init__.py:90: in import_module
    return _bootstrap._gcd_import(name[level:], package, level)
&lt;frozen importlib._bootstrap&gt;:1387: in _gcd_import
    ???
&lt;frozen importlib._bootstrap&gt;:1360: in _find_and_load
    ???
&lt;frozen importlib._bootstrap&gt;:1331: in _find_and_load_unlocked
    ???
&lt;frozen importlib._bootstrap&gt;:935: in _load_unlocked
    ???
C:\Users\brysi\AppData\Roaming\Python\Python312\site-packages\_pytest\assertion\rewrite.py:178: in exec_module
    exec(co, module.__dict__)
C:\Program Files\Microsoft Visual Studio\2022\Community\Common7\IDE\CommonExtensions\Microsoft\VC\SecurityIssueAnalysis\python\lib\site-packages\win32\test\test_win32crypt.py:7: in &lt;module&gt;
    import win32crypt
E   ModuleNotFoundError: No module named 'win32crypt'</error></testcase><testcase classname="" name="Program Files.Microsoft Visual Studio.2022.Community.Common7.IDE.CommonExtensions.Microsoft.VC.SecurityIssueAnalysis.python.lib.site-packages.win32.test.test_win32event" time="0.000"><error message="collection failure">ImportError while importing test module 'C:\Program Files\Microsoft Visual Studio\2022\Community\Common7\IDE\CommonExtensions\Microsoft\VC\SecurityIssueAnalysis\python\lib\site-packages\win32\test\test_win32event.py'.
Hint: make sure your test modules/packages have valid Python names.
Traceback:
C:\Users\brysi\AppData\Roaming\Python\Python312\site-packages\_pytest\python.py:492: in importtestmodule
    mod = import_path(
C:\Users\brysi\AppData\Roaming\Python\Python312\site-packages\_pytest\pathlib.py:591: in import_path
    importlib.import_module(module_name)
C:\Program Files\Python312\Lib\importlib\__init__.py:90: in import_module
    return _bootstrap._gcd_import(name[level:], package, level)
&lt;frozen importlib._bootstrap&gt;:1387: in _gcd_import
    ???
&lt;frozen importlib._bootstrap&gt;:1360: in _find_and_load
    ???
&lt;frozen importlib._bootstrap&gt;:1331: in _find_and_load_unlocked
    ???
&lt;frozen importlib._bootstrap&gt;:935: in _load_unlocked
    ???
C:\Users\brysi\AppData\Roaming\Python\Python312\site-packages\_pytest\assertion\rewrite.py:178: in exec_module
    exec(co, module.__dict__)
C:\Program Files\Microsoft Visual Studio\2022\Community\Common7\IDE\CommonExtensions\Microsoft\VC\SecurityIssueAnalysis\python\lib\site-packages\win32\test\test_win32event.py:3: in &lt;module&gt;
    import pywintypes
E   ModuleNotFoundError: No module named 'pywintypes'</error></testcase><testcase classname="" name="Program Files.Microsoft Visual Studio.2022.Community.Common7.IDE.CommonExtensions.Microsoft.VC.SecurityIssueAnalysis.python.lib.site-packages.win32.test.test_win32file" time="0.000"><error message="collection failure">ImportError while importing test module 'C:\Program Files\Microsoft Visual Studio\2022\Community\Common7\IDE\CommonExtensions\Microsoft\VC\SecurityIssueAnalysis\python\lib\site-packages\win32\test\test_win32file.py'.
Hint: make sure your test modules/packages have valid Python names.
Traceback:
C:\Users\brysi\AppData\Roaming\Python\Python312\site-packages\_pytest\python.py:492: in importtestmodule
    mod = import_path(
C:\Users\brysi\AppData\Roaming\Python\Python312\site-packages\_pytest\pathlib.py:591: in import_path
    importlib.import_module(module_name)
C:\Program Files\Python312\Lib\importlib\__init__.py:90: in import_module
    return _bootstrap._gcd_import(name[level:], package, level)
&lt;frozen importlib._bootstrap&gt;:1387: in _gcd_import
    ???
&lt;frozen importlib._bootstrap&gt;:1360: in _find_and_load
    ???
&lt;frozen importlib._bootstrap&gt;:1331: in _find_and_load_unlocked
    ???
&lt;frozen importlib._bootstrap&gt;:935: in _load_unlocked
    ???
C:\Users\brysi\AppData\Roaming\Python\Python312\site-packages\_pytest\assertion\rewrite.py:178: in exec_module
    exec(co, module.__dict__)
C:\Program Files\Microsoft Visual Studio\2022\Community\Common7\IDE\CommonExtensions\Microsoft\VC\SecurityIssueAnalysis\python\lib\site-packages\win32\test\test_win32file.py:11: in &lt;module&gt;
    import ntsecuritycon
E   ModuleNotFoundError: No module named 'ntsecuritycon'</error></testcase><testcase classname="" name="Program Files.Microsoft Visual Studio.2022.Community.Common7.IDE.CommonExtensions.Microsoft.VC.SecurityIssueAnalysis.python.lib.site-packages.win32.test.test_win32gui" time="0.000"><error message="collection failure">ImportError while importing test module 'C:\Program Files\Microsoft Visual Studio\2022\Community\Common7\IDE\CommonExtensions\Microsoft\VC\SecurityIssueAnalysis\python\lib\site-packages\win32\test\test_win32gui.py'.
Hint: make sure your test modules/packages have valid Python names.
Traceback:
C:\Users\brysi\AppData\Roaming\Python\Python312\site-packages\_pytest\python.py:492: in importtestmodule
    mod = import_path(
C:\Users\brysi\AppData\Roaming\Python\Python312\site-packages\_pytest\pathlib.py:591: in import_path
    importlib.import_module(module_name)
C:\Program Files\Python312\Lib\importlib\__init__.py:90: in import_module
    return _bootstrap._gcd_import(name[level:], package, level)
&lt;frozen importlib._bootstrap&gt;:1387: in _gcd_import
    ???
&lt;frozen importlib._bootstrap&gt;:1360: in _find_and_load
    ???
&lt;frozen importlib._bootstrap&gt;:1331: in _find_and_load_unlocked
    ???
&lt;frozen importlib._bootstrap&gt;:935: in _load_unlocked
    ???
C:\Users\brysi\AppData\Roaming\Python\Python312\site-packages\_pytest\assertion\rewrite.py:178: in exec_module
    exec(co, module.__dict__)
C:\Program Files\Microsoft Visual Studio\2022\Community\Common7\IDE\CommonExtensions\Microsoft\VC\SecurityIssueAnalysis\python\lib\site-packages\win32\test\test_win32gui.py:6: in &lt;module&gt;
    import pywin32_testutil
E   ModuleNotFoundError: No module named 'pywin32_testutil'</error></testcase><testcase classname="" name="Program Files.Microsoft Visual Studio.2022.Community.Common7.IDE.CommonExtensions.Microsoft.VC.SecurityIssueAnalysis.python.lib.site-packages.win32.test.test_win32guistruct" time="0.000"><error message="collection failure">ImportError while importing test module 'C:\Program Files\Microsoft Visual Studio\2022\Community\Common7\IDE\CommonExtensions\Microsoft\VC\SecurityIssueAnalysis\python\lib\site-packages\win32\test\test_win32guistruct.py'.
Hint: make sure your test modules/packages have valid Python names.
Traceback:
C:\Users\brysi\AppData\Roaming\Python\Python312\site-packages\_pytest\python.py:492: in importtestmodule
    mod = import_path(
C:\Users\brysi\AppData\Roaming\Python\Python312\site-packages\_pytest\pathlib.py:591: in import_path
    importlib.import_module(module_name)
C:\Program Files\Python312\Lib\importlib\__init__.py:90: in import_module
    return _bootstrap._gcd_import(name[level:], package, level)
&lt;frozen importlib._bootstrap&gt;:1387: in _gcd_import
    ???
&lt;frozen importlib._bootstrap&gt;:1360: in _find_and_load
    ???
&lt;frozen importlib._bootstrap&gt;:1331: in _find_and_load_unlocked
    ???
&lt;frozen importlib._bootstrap&gt;:935: in _load_unlocked
    ???
C:\Users\brysi\AppData\Roaming\Python\Python312\site-packages\_pytest\assertion\rewrite.py:178: in exec_module
    exec(co, module.__dict__)
C:\Program Files\Microsoft Visual Studio\2022\Community\Common7\IDE\CommonExtensions\Microsoft\VC\SecurityIssueAnalysis\python\lib\site-packages\win32\test\test_win32guistruct.py:4: in &lt;module&gt;
    import pythoncom
C:\Program Files\Microsoft Visual Studio\2022\Community\Common7\IDE\CommonExtensions\Microsoft\VC\SecurityIssueAnalysis\python\lib\site-packages\pythoncom.py:2: in &lt;module&gt;
    import pywintypes
E   ModuleNotFoundError: No module named 'pywintypes'</error></testcase><testcase classname="" name="Program Files.Microsoft Visual Studio.2022.Community.Common7.IDE.CommonExtensions.Microsoft.VC.SecurityIssueAnalysis.python.lib.site-packages.win32.test.test_win32inet" time="0.000"><error message="collection failure">ImportError while importing test module 'C:\Program Files\Microsoft Visual Studio\2022\Community\Common7\IDE\CommonExtensions\Microsoft\VC\SecurityIssueAnalysis\python\lib\site-packages\win32\test\test_win32inet.py'.
Hint: make sure your test modules/packages have valid Python names.
Traceback:
C:\Users\brysi\AppData\Roaming\Python\Python312\site-packages\_pytest\python.py:492: in importtestmodule
    mod = import_path(
C:\Users\brysi\AppData\Roaming\Python\Python312\site-packages\_pytest\pathlib.py:591: in import_path
    importlib.import_module(module_name)
C:\Program Files\Python312\Lib\importlib\__init__.py:90: in import_module
    return _bootstrap._gcd_import(name[level:], package, level)
&lt;frozen importlib._bootstrap&gt;:1387: in _gcd_import
    ???
&lt;frozen importlib._bootstrap&gt;:1360: in _find_and_load
    ???
&lt;frozen importlib._bootstrap&gt;:1331: in _find_and_load_unlocked
    ???
&lt;frozen importlib._bootstrap&gt;:935: in _load_unlocked
    ???
C:\Users\brysi\AppData\Roaming\Python\Python312\site-packages\_pytest\assertion\rewrite.py:178: in exec_module
    exec(co, module.__dict__)
C:\Program Files\Microsoft Visual Studio\2022\Community\Common7\IDE\CommonExtensions\Microsoft\VC\SecurityIssueAnalysis\python\lib\site-packages\win32\test\test_win32inet.py:3: in &lt;module&gt;
    import winerror
E   ModuleNotFoundError: No module named 'winerror'</error></testcase><testcase classname="" name="Program Files.Microsoft Visual Studio.2022.Community.Common7.IDE.CommonExtensions.Microsoft.VC.SecurityIssueAnalysis.python.lib.site-packages.win32.test.test_win32net" time="0.000"><error message="collection failure">ImportError while importing test module 'C:\Program Files\Microsoft Visual Studio\2022\Community\Common7\IDE\CommonExtensions\Microsoft\VC\SecurityIssueAnalysis\python\lib\site-packages\win32\test\test_win32net.py'.
Hint: make sure your test modules/packages have valid Python names.
Traceback:
C:\Users\brysi\AppData\Roaming\Python\Python312\site-packages\_pytest\python.py:492: in importtestmodule
    mod = import_path(
C:\Users\brysi\AppData\Roaming\Python\Python312\site-packages\_pytest\pathlib.py:591: in import_path
    importlib.import_module(module_name)
C:\Program Files\Python312\Lib\importlib\__init__.py:90: in import_module
    return _bootstrap._gcd_import(name[level:], package, level)
&lt;frozen importlib._bootstrap&gt;:1387: in _gcd_import
    ???
&lt;frozen importlib._bootstrap&gt;:1360: in _find_and_load
    ???
&lt;frozen importlib._bootstrap&gt;:1331: in _find_and_load_unlocked
    ???
&lt;frozen importlib._bootstrap&gt;:935: in _load_unlocked
    ???
C:\Users\brysi\AppData\Roaming\Python\Python312\site-packages\_pytest\assertion\rewrite.py:178: in exec_module
    exec(co, module.__dict__)
C:\Program Files\Microsoft Visual Studio\2022\Community\Common7\IDE\CommonExtensions\Microsoft\VC\SecurityIssueAnalysis\python\lib\site-packages\win32\test\test_win32net.py:3: in &lt;module&gt;
    import win32net
E   ModuleNotFoundError: No module named 'win32net'</error></testcase><testcase classname="" name="Program Files.Microsoft Visual Studio.2022.Community.Common7.IDE.CommonExtensions.Microsoft.VC.SecurityIssueAnalysis.python.lib.site-packages.win32.test.test_win32pipe" time="0.000"><error message="collection failure">ImportError while importing test module 'C:\Program Files\Microsoft Visual Studio\2022\Community\Common7\IDE\CommonExtensions\Microsoft\VC\SecurityIssueAnalysis\python\lib\site-packages\win32\test\test_win32pipe.py'.
Hint: make sure your test modules/packages have valid Python names.
Traceback:
C:\Users\brysi\AppData\Roaming\Python\Python312\site-packages\_pytest\python.py:492: in importtestmodule
    mod = import_path(
C:\Users\brysi\AppData\Roaming\Python\Python312\site-packages\_pytest\pathlib.py:591: in import_path
    importlib.import_module(module_name)
C:\Program Files\Python312\Lib\importlib\__init__.py:90: in import_module
    return _bootstrap._gcd_import(name[level:], package, level)
&lt;frozen importlib._bootstrap&gt;:1387: in _gcd_import
    ???
&lt;frozen importlib._bootstrap&gt;:1360: in _find_and_load
    ???
&lt;frozen importlib._bootstrap&gt;:1331: in _find_and_load_unlocked
    ???
&lt;frozen importlib._bootstrap&gt;:935: in _load_unlocked
    ???
C:\Users\brysi\AppData\Roaming\Python\Python312\site-packages\_pytest\assertion\rewrite.py:178: in exec_module
    exec(co, module.__dict__)
C:\Program Files\Microsoft Visual Studio\2022\Community\Common7\IDE\CommonExtensions\Microsoft\VC\SecurityIssueAnalysis\python\lib\site-packages\win32\test\test_win32pipe.py:5: in &lt;module&gt;
    import pywintypes
E   ModuleNotFoundError: No module named 'pywintypes'</error></testcase><testcase classname="" name="Program Files.Microsoft Visual Studio.2022.Community.Common7.IDE.CommonExtensions.Microsoft.VC.SecurityIssueAnalysis.python.lib.site-packages.win32.test.test_win32print" time="0.000"><error message="collection failure">ImportError while importing test module 'C:\Program Files\Microsoft Visual Studio\2022\Community\Common7\IDE\CommonExtensions\Microsoft\VC\SecurityIssueAnalysis\python\lib\site-packages\win32\test\test_win32print.py'.
Hint: make sure your test modules/packages have valid Python names.
Traceback:
C:\Users\brysi\AppData\Roaming\Python\Python312\site-packages\_pytest\python.py:492: in importtestmodule
    mod = import_path(
C:\Users\brysi\AppData\Roaming\Python\Python312\site-packages\_pytest\pathlib.py:591: in import_path
    importlib.import_module(module_name)
C:\Program Files\Python312\Lib\importlib\__init__.py:90: in import_module
    return _bootstrap._gcd_import(name[level:], package, level)
&lt;frozen importlib._bootstrap&gt;:1387: in _gcd_import
    ???
&lt;frozen importlib._bootstrap&gt;:1360: in _find_and_load
    ???
&lt;frozen importlib._bootstrap&gt;:1331: in _find_and_load_unlocked
    ???
&lt;frozen importlib._bootstrap&gt;:935: in _load_unlocked
    ???
C:\Users\brysi\AppData\Roaming\Python\Python312\site-packages\_pytest\assertion\rewrite.py:178: in exec_module
    exec(co, module.__dict__)
C:\Program Files\Microsoft Visual Studio\2022\Community\Common7\IDE\CommonExtensions\Microsoft\VC\SecurityIssueAnalysis\python\lib\site-packages\win32\test\test_win32print.py:5: in &lt;module&gt;
    import win32print as wprn
E   ModuleNotFoundError: No module named 'win32print'</error></testcase><testcase classname="" name="Program Files.Microsoft Visual Studio.2022.Community.Common7.IDE.CommonExtensions.Microsoft.VC.SecurityIssueAnalysis.python.lib.site-packages.win32.test.test_win32profile" time="0.000"><error message="collection failure">ImportError while importing test module 'C:\Program Files\Microsoft Visual Studio\2022\Community\Common7\IDE\CommonExtensions\Microsoft\VC\SecurityIssueAnalysis\python\lib\site-packages\win32\test\test_win32profile.py'.
Hint: make sure your test modules/packages have valid Python names.
Traceback:
C:\Users\brysi\AppData\Roaming\Python\Python312\site-packages\_pytest\python.py:492: in importtestmodule
    mod = import_path(
C:\Users\brysi\AppData\Roaming\Python\Python312\site-packages\_pytest\pathlib.py:591: in import_path
    importlib.import_module(module_name)
C:\Program Files\Python312\Lib\importlib\__init__.py:90: in import_module
    return _bootstrap._gcd_import(name[level:], package, level)
&lt;frozen importlib._bootstrap&gt;:1387: in _gcd_import
    ???
&lt;frozen importlib._bootstrap&gt;:1360: in _find_and_load
    ???
&lt;frozen importlib._bootstrap&gt;:1331: in _find_and_load_unlocked
    ???
&lt;frozen importlib._bootstrap&gt;:935: in _load_unlocked
    ???
C:\Users\brysi\AppData\Roaming\Python\Python312\site-packages\_pytest\assertion\rewrite.py:178: in exec_module
    exec(co, module.__dict__)
C:\Program Files\Microsoft Visual Studio\2022\Community\Common7\IDE\CommonExtensions\Microsoft\VC\SecurityIssueAnalysis\python\lib\site-packages\win32\test\test_win32profile.py:5: in &lt;module&gt;
    import win32profile
E   ModuleNotFoundError: No module named 'win32profile'</error></testcase><testcase classname="" name="Program Files.Microsoft Visual Studio.2022.Community.Common7.IDE.CommonExtensions.Microsoft.VC.SecurityIssueAnalysis.python.lib.site-packages.win32.test.test_win32rcparser" time="0.000"><error message="collection failure">ImportError while importing test module 'C:\Program Files\Microsoft Visual Studio\2022\Community\Common7\IDE\CommonExtensions\Microsoft\VC\SecurityIssueAnalysis\python\lib\site-packages\win32\test\test_win32rcparser.py'.
Hint: make sure your test modules/packages have valid Python names.
Traceback:
C:\Users\brysi\AppData\Roaming\Python\Python312\site-packages\_pytest\python.py:492: in importtestmodule
    mod = import_path(
C:\Users\brysi\AppData\Roaming\Python\Python312\site-packages\_pytest\pathlib.py:591: in import_path
    importlib.import_module(module_name)
C:\Program Files\Python312\Lib\importlib\__init__.py:90: in import_module
    return _bootstrap._gcd_import(name[level:], package, level)
&lt;frozen importlib._bootstrap&gt;:1387: in _gcd_import
    ???
&lt;frozen importlib._bootstrap&gt;:1360: in _find_and_load
    ???
&lt;frozen importlib._bootstrap&gt;:1331: in _find_and_load_unlocked
    ???
&lt;frozen importlib._bootstrap&gt;:935: in _load_unlocked
    ???
C:\Users\brysi\AppData\Roaming\Python\Python312\site-packages\_pytest\assertion\rewrite.py:178: in exec_module
    exec(co, module.__dict__)
C:\Program Files\Microsoft Visual Studio\2022\Community\Common7\IDE\CommonExtensions\Microsoft\VC\SecurityIssueAnalysis\python\lib\site-packages\win32\test\test_win32rcparser.py:5: in &lt;module&gt;
    import win32con
E   ModuleNotFoundError: No module named 'win32con'</error></testcase><testcase classname="" name="Program Files.Microsoft Visual Studio.2022.Community.Common7.IDE.CommonExtensions.Microsoft.VC.SecurityIssueAnalysis.python.lib.site-packages.win32.test.test_win32timezone" time="0.000"><error message="collection failure">ImportError while importing test module 'C:\Program Files\Microsoft Visual Studio\2022\Community\Common7\IDE\CommonExtensions\Microsoft\VC\SecurityIssueAnalysis\python\lib\site-packages\win32\test\test_win32timezone.py'.
Hint: make sure your test modules/packages have valid Python names.
Traceback:
C:\Users\brysi\AppData\Roaming\Python\Python312\site-packages\_pytest\python.py:492: in importtestmodule
    mod = import_path(
C:\Users\brysi\AppData\Roaming\Python\Python312\site-packages\_pytest\pathlib.py:591: in import_path
    importlib.import_module(module_name)
C:\Program Files\Python312\Lib\importlib\__init__.py:90: in import_module
    return _bootstrap._gcd_import(name[level:], package, level)
&lt;frozen importlib._bootstrap&gt;:1387: in _gcd_import
    ???
&lt;frozen importlib._bootstrap&gt;:1360: in _find_and_load
    ???
&lt;frozen importlib._bootstrap&gt;:1331: in _find_and_load_unlocked
    ???
&lt;frozen importlib._bootstrap&gt;:935: in _load_unlocked
    ???
C:\Users\brysi\AppData\Roaming\Python\Python312\site-packages\_pytest\assertion\rewrite.py:178: in exec_module
    exec(co, module.__dict__)
C:\Program Files\Microsoft Visual Studio\2022\Community\Common7\IDE\CommonExtensions\Microsoft\VC\SecurityIssueAnalysis\python\lib\site-packages\win32\test\test_win32timezone.py:7: in &lt;module&gt;
    import win32timezone
E   ModuleNotFoundError: No module named 'win32timezone'</error></testcase><testcase classname="" name="Program Files.Microsoft Visual Studio.2022.Community.Common7.IDE.CommonExtensions.Microsoft.VC.SecurityIssueAnalysis.python.lib.site-packages.win32.test.test_win32trace" time="0.000"><error message="collection failure">ImportError while importing test module 'C:\Program Files\Microsoft Visual Studio\2022\Community\Common7\IDE\CommonExtensions\Microsoft\VC\SecurityIssueAnalysis\python\lib\site-packages\win32\test\test_win32trace.py'.
Hint: make sure your test modules/packages have valid Python names.
Traceback:
C:\Users\brysi\AppData\Roaming\Python\Python312\site-packages\_pytest\python.py:492: in importtestmodule
    mod = import_path(
C:\Users\brysi\AppData\Roaming\Python\Python312\site-packages\_pytest\pathlib.py:591: in import_path
    importlib.import_module(module_name)
C:\Program Files\Python312\Lib\importlib\__init__.py:90: in import_module
    return _bootstrap._gcd_import(name[level:], package, level)
&lt;frozen importlib._bootstrap&gt;:1387: in _gcd_import
    ???
&lt;frozen importlib._bootstrap&gt;:1360: in _find_and_load
    ???
&lt;frozen importlib._bootstrap&gt;:1331: in _find_and_load_unlocked
    ???
&lt;frozen importlib._bootstrap&gt;:935: in _load_unlocked
    ???
C:\Users\brysi\AppData\Roaming\Python\Python312\site-packages\_pytest\assertion\rewrite.py:178: in exec_module
    exec(co, module.__dict__)
C:\Program Files\Microsoft Visual Studio\2022\Community\Common7\IDE\CommonExtensions\Microsoft\VC\SecurityIssueAnalysis\python\lib\site-packages\win32\test\test_win32trace.py:7: in &lt;module&gt;
    import win32trace
E   ModuleNotFoundError: No module named 'win32trace'</error></testcase><testcase classname="" name="Program Files.Microsoft Visual Studio.2022.Community.Common7.IDE.CommonExtensions.Microsoft.VC.SecurityIssueAnalysis.python.lib.site-packages.win32.test.test_win32wnet" time="0.000"><error message="collection failure">ImportError while importing test module 'C:\Program Files\Microsoft Visual Studio\2022\Community\Common7\IDE\CommonExtensions\Microsoft\VC\SecurityIssueAnalysis\python\lib\site-packages\win32\test\test_win32wnet.py'.
Hint: make sure your test modules/packages have valid Python names.
Traceback:
C:\Users\brysi\AppData\Roaming\Python\Python312\site-packages\_pytest\python.py:492: in importtestmodule
    mod = import_path(
C:\Users\brysi\AppData\Roaming\Python\Python312\site-packages\_pytest\pathlib.py:591: in import_path
    importlib.import_module(module_name)
C:\Program Files\Python312\Lib\importlib\__init__.py:90: in import_module
    return _bootstrap._gcd_import(name[level:], package, level)
&lt;frozen importlib._bootstrap&gt;:1387: in _gcd_import
    ???
&lt;frozen importlib._bootstrap&gt;:1360: in _find_and_load
    ???
&lt;frozen importlib._bootstrap&gt;:1331: in _find_and_load_unlocked
    ???
&lt;frozen importlib._bootstrap&gt;:935: in _load_unlocked
    ???
C:\Users\brysi\AppData\Roaming\Python\Python312\site-packages\_pytest\assertion\rewrite.py:178: in exec_module
    exec(co, module.__dict__)
C:\Program Files\Microsoft Visual Studio\2022\Community\Common7\IDE\CommonExtensions\Microsoft\VC\SecurityIssueAnalysis\python\lib\site-packages\win32\test\test_win32wnet.py:3: in &lt;module&gt;
    import netbios
E   ModuleNotFoundError: No module named 'netbios'</error></testcase><testcase classname="" name="Program Files.Microsoft Visual Studio.2022.Community.Common7.IDE.CommonExtensions.Microsoft.VC.SecurityIssueAnalysis.python.lib.site-packages.win32com.servers.test_pycomtest" time="0.000"><error message="collection failure">ImportError while importing test module 'C:\Program Files\Microsoft Visual Studio\2022\Community\Common7\IDE\CommonExtensions\Microsoft\VC\SecurityIssueAnalysis\python\lib\site-packages\win32com\servers\test_pycomtest.py'.
Hint: make sure your test modules/packages have valid Python names.
Traceback:
C:\Users\brysi\AppData\Roaming\Python\Python312\site-packages\_pytest\python.py:492: in importtestmodule
    mod = import_path(
C:\Users\brysi\AppData\Roaming\Python\Python312\site-packages\_pytest\pathlib.py:591: in import_path
    importlib.import_module(module_name)
C:\Program Files\Python312\Lib\importlib\__init__.py:90: in import_module
    return _bootstrap._gcd_import(name[level:], package, level)
&lt;frozen importlib._bootstrap&gt;:1387: in _gcd_import
    ???
&lt;frozen importlib._bootstrap&gt;:1360: in _find_and_load
    ???
&lt;frozen importlib._bootstrap&gt;:1310: in _find_and_load_unlocked
    ???
&lt;frozen importlib._bootstrap&gt;:488: in _call_with_frames_removed
    ???
&lt;frozen importlib._bootstrap&gt;:1387: in _gcd_import
    ???
&lt;frozen importlib._bootstrap&gt;:1360: in _find_and_load
    ???
&lt;frozen importlib._bootstrap&gt;:1310: in _find_and_load_unlocked
    ???
&lt;frozen importlib._bootstrap&gt;:488: in _call_with_frames_removed
    ???
&lt;frozen importlib._bootstrap&gt;:1387: in _gcd_import
    ???
&lt;frozen importlib._bootstrap&gt;:1360: in _find_and_load
    ???
&lt;frozen importlib._bootstrap&gt;:1331: in _find_and_load_unlocked
    ???
&lt;frozen importlib._bootstrap&gt;:935: in _load_unlocked
    ???
&lt;frozen importlib._bootstrap_external&gt;:995: in exec_module
    ???
&lt;frozen importlib._bootstrap&gt;:488: in _call_with_frames_removed
    ???
C:\Program Files\Microsoft Visual Studio\2022\Community\Common7\IDE\CommonExtensions\Microsoft\VC\SecurityIssueAnalysis\python\lib\site-packages\win32com\__init__.py:8: in &lt;module&gt;
    import pythoncom
C:\Program Files\Microsoft Visual Studio\2022\Community\Common7\IDE\CommonExtensions\Microsoft\VC\SecurityIssueAnalysis\python\lib\site-packages\pythoncom.py:2: in &lt;module&gt;
    import pywintypes
E   ModuleNotFoundError: No module named 'pywintypes'</error></testcase><testcase classname="" name="Program Files.Microsoft Visual Studio.2022.Community.Common7.IDE.CommonExtensions.Microsoft.VC.SecurityIssueAnalysis.python.lib.site-packages.win32comext.bits.test.test_bits" time="0.000"><error message="collection failure">ImportError while importing test module 'C:\Program Files\Microsoft Visual Studio\2022\Community\Common7\IDE\CommonExtensions\Microsoft\VC\SecurityIssueAnalysis\python\lib\site-packages\win32comext\bits\test\test_bits.py'.
Hint: make sure your test modules/packages have valid Python names.
Traceback:
C:\Users\brysi\AppData\Roaming\Python\Python312\site-packages\_pytest\python.py:492: in importtestmodule
    mod = import_path(
C:\Users\brysi\AppData\Roaming\Python\Python312\site-packages\_pytest\pathlib.py:591: in import_path
    importlib.import_module(module_name)
C:\Program Files\Python312\Lib\importlib\__init__.py:90: in import_module
    return _bootstrap._gcd_import(name[level:], package, level)
&lt;frozen importlib._bootstrap&gt;:1387: in _gcd_import
    ???
&lt;frozen importlib._bootstrap&gt;:1360: in _find_and_load
    ???
&lt;frozen importlib._bootstrap&gt;:1331: in _find_and_load_unlocked
    ???
&lt;frozen importlib._bootstrap&gt;:935: in _load_unlocked
    ???
C:\Users\brysi\AppData\Roaming\Python\Python312\site-packages\_pytest\assertion\rewrite.py:178: in exec_module
    exec(co, module.__dict__)
C:\Program Files\Microsoft Visual Studio\2022\Community\Common7\IDE\CommonExtensions\Microsoft\VC\SecurityIssueAnalysis\python\lib\site-packages\win32comext\bits\test\test_bits.py:4: in &lt;module&gt;
    import pythoncom
C:\Program Files\Microsoft Visual Studio\2022\Community\Common7\IDE\CommonExtensions\Microsoft\VC\SecurityIssueAnalysis\python\lib\site-packages\pythoncom.py:2: in &lt;module&gt;
    import pywintypes
E   ModuleNotFoundError: No module named 'pywintypes'</error></testcase><testcase classname="" name="Program Files.Microsoft Visual Studio.2022.Community.Common7.IDE.CommonExtensions.Microsoft.VC.SecurityIssueAnalysis.python.lib.site-packages.win32comext.directsound.test.ds_test" time="0.000"><error message="collection failure">ImportError while importing test module 'C:\Program Files\Microsoft Visual Studio\2022\Community\Common7\IDE\CommonExtensions\Microsoft\VC\SecurityIssueAnalysis\python\lib\site-packages\win32comext\directsound\test\ds_test.py'.
Hint: make sure your test modules/packages have valid Python names.
Traceback:
C:\Users\brysi\AppData\Roaming\Python\Python312\site-packages\_pytest\python.py:492: in importtestmodule
    mod = import_path(
C:\Users\brysi\AppData\Roaming\Python\Python312\site-packages\_pytest\pathlib.py:591: in import_path
    importlib.import_module(module_name)
C:\Program Files\Python312\Lib\importlib\__init__.py:90: in import_module
    return _bootstrap._gcd_import(name[level:], package, level)
&lt;frozen importlib._bootstrap&gt;:1387: in _gcd_import
    ???
&lt;frozen importlib._bootstrap&gt;:1360: in _find_and_load
    ???
&lt;frozen importlib._bootstrap&gt;:1310: in _find_and_load_unlocked
    ???
&lt;frozen importlib._bootstrap&gt;:488: in _call_with_frames_removed
    ???
&lt;frozen importlib._bootstrap&gt;:1387: in _gcd_import
    ???
&lt;frozen importlib._bootstrap&gt;:1360: in _find_and_load
    ???
&lt;frozen importlib._bootstrap&gt;:1310: in _find_and_load_unlocked
    ???
&lt;frozen importlib._bootstrap&gt;:488: in _call_with_frames_removed
    ???
&lt;frozen importlib._bootstrap&gt;:1387: in _gcd_import
    ???
&lt;frozen importlib._bootstrap&gt;:1360: in _find_and_load
    ???
&lt;frozen importlib._bootstrap&gt;:1331: in _find_and_load_unlocked
    ???
&lt;frozen importlib._bootstrap&gt;:935: in _load_unlocked
    ???
&lt;frozen importlib._bootstrap_external&gt;:995: in exec_module
    ???
&lt;frozen importlib._bootstrap&gt;:488: in _call_with_frames_removed
    ???
C:\Program Files\Microsoft Visual Studio\2022\Community\Common7\IDE\CommonExtensions\Microsoft\VC\SecurityIssueAnalysis\python\lib\site-packages\win32comext\directsound\__init__.py:2: in &lt;module&gt;
    import win32com
C:\Program Files\Microsoft Visual Studio\2022\Community\Common7\IDE\CommonExtensions\Microsoft\VC\SecurityIssueAnalysis\python\lib\site-packages\win32com\__init__.py:8: in &lt;module&gt;
    import pythoncom
C:\Program Files\Microsoft Visual Studio\2022\Community\Common7\IDE\CommonExtensions\Microsoft\VC\SecurityIssueAnalysis\python\lib\site-packages\pythoncom.py:2: in &lt;module&gt;
    import pywintypes
E   ModuleNotFoundError: No module named 'pywintypes'</error></testcase><testcase classname="" name="Program Files.Microsoft Visual Studio.2022.Community.Common7.IDE.CommonExtensions.Microsoft.VC.SecurityIssueAnalysis.python.lib.site-packages.win32comext.taskscheduler.test.test_addtask" time="0.000"><error message="collection failure">ImportError while importing test module 'C:\Program Files\Microsoft Visual Studio\2022\Community\Common7\IDE\CommonExtensions\Microsoft\VC\SecurityIssueAnalysis\python\lib\site-packages\win32comext\taskscheduler\test\test_addtask.py'.
Hint: make sure your test modules/packages have valid Python names.
Traceback:
C:\Users\brysi\AppData\Roaming\Python\Python312\site-packages\_pytest\python.py:492: in importtestmodule
    mod = import_path(
C:\Users\brysi\AppData\Roaming\Python\Python312\site-packages\_pytest\pathlib.py:591: in import_path
[...]
Hint: make sure your test modules/packages have valid Python names.
Traceback:
C:\Users\brysi\AppData\Roaming\Python\Python312\site-packages\_pytest\python.py:492: in importtestmodule
    mod = import_path(
C:\Users\brysi\AppData\Roaming\Python\Python312\site-packages\_pytest\pathlib.py:591: in import_path
    importlib.import_module(module_name)
C:\Program Files\Python312\Lib\importlib\__init__.py:90: in import_module
    return _bootstrap._gcd_import(name[level:], package, level)
&lt;frozen importlib._bootstrap&gt;:1387: in _gcd_import
    ???
&lt;frozen importlib._bootstrap&gt;:1360: in _find_and_load
    ???
&lt;frozen importlib._bootstrap&gt;:1310: in _find_and_load_unlocked
    ???
&lt;frozen importlib._bootstrap&gt;:488: in _call_with_frames_removed
    ???
&lt;frozen importlib._bootstrap&gt;:1387: in _gcd_import
    ???
&lt;frozen importlib._bootstrap&gt;:1360: in _find_and_load
    ???
&lt;frozen importlib._bootstrap&gt;:1324: in _find_and_load_unlocked
    ???
E   ModuleNotFoundError: No module named 'importlib.test'</error></testcase><testcase classname="" name="ProgramData.ASCON.KOMPAS-3D.24.Python 3.App.Lib.lib2to3.tests.test_all_fixers" time="0.000"><error message="collection failure">ImportError while importing test module 'C:\ProgramData\ASCON\KOMPAS-3D\24\Python 3\App\Lib\lib2to3\tests\test_all_fixers.py'.
Hint: make sure your test modules/packages have valid Python names.
Traceback:
C:\Users\brysi\AppData\Roaming\Python\Python312\site-packages\_pytest\python.py:492: in importtestmodule
    mod = import_path(
C:\Users\brysi\AppData\Roaming\Python\Python312\site-packages\_pytest\pathlib.py:591: in import_path
    importlib.import_module(module_name)
C:\Program Files\Python312\Lib\importlib\__init__.py:90: in import_module
    return _bootstrap._gcd_import(name[level:], package, level)
&lt;frozen importlib._bootstrap&gt;:1387: in _gcd_import
    ???
&lt;frozen importlib._bootstrap&gt;:1360: in _find_and_load
    ???
&lt;frozen importlib._bootstrap&gt;:1310: in _find_and_load_unlocked
    ???
&lt;frozen importlib._bootstrap&gt;:488: in _call_with_frames_removed
    ???
&lt;frozen importlib._bootstrap&gt;:1387: in _gcd_import
    ???
&lt;frozen importlib._bootstrap&gt;:1360: in _find_and_load
    ???
&lt;frozen importlib._bootstrap&gt;:1324: in _find_and_load_unlocked
    ???
E   ModuleNotFoundError: No module named 'lib2to3.tests'</error></testcase><testcase classname="" name="ProgramData.ASCON.KOMPAS-3D.24.Python 3.App.Lib.lib2to3.tests.test_fixers" time="0.000"><error message="collection failure">ImportError while importing test module 'C:\ProgramData\ASCON\KOMPAS-3D\24\Python 3\App\Lib\lib2to3\tests\test_fixers.py'.
Hint: make sure your test modules/packages have valid Python names.
Traceback:
C:\Users\brysi\AppData\Roaming\Python\Python312\site-packages\_pytest\python.py:492: in importtestmodule
    mod = import_path(
C:\Users\brysi\AppData\Roaming\Python\Python312\site-packages\_pytest\pathlib.py:591: in import_path
    importlib.import_module(module_name)
C:\Program Files\Python312\Lib\importlib\__init__.py:90: in import_module
    return _bootstrap._gcd_import(name[level:], package, level)
&lt;frozen importlib._bootstrap&gt;:1387: in _gcd_import
    ???
&lt;frozen importlib._bootstrap&gt;:1360: in _find_and_load
    ???
&lt;frozen importlib._bootstrap&gt;:1310: in _find_and_load_unlocked
    ???
&lt;frozen importlib._bootstrap&gt;:488: in _call_with_frames_removed
    ???
&lt;frozen importlib._bootstrap&gt;:1387: in _gcd_import
    ???
&lt;frozen importlib._bootstrap&gt;:1360: in _find_and_load
    ???
&lt;frozen importlib._bootstrap&gt;:1324: in _find_and_load_unlocked
    ???
E   ModuleNotFoundError: No module named 'lib2to3.tests'</error></testcase><testcase classname="" name="ProgramData.ASCON.KOMPAS-3D.24.Python 3.App.Lib.lib2to3.tests.test_main" time="0.000"><error message="collection failure">ImportError while importing test module 'C:\ProgramData\ASCON\KOMPAS-3D\24\Python 3\App\Lib\lib2to3\tests\test_main.py'.
Hint: make sure your test modules/packages have valid Python names.
Traceback:
C:\Users\brysi\AppData\Roaming\Python\Python312\site-packages\_pytest\python.py:492: in importtestmodule
    mod = import_path(
C:\Users\brysi\AppData\Roaming\Python\Python312\site-packages\_pytest\pathlib.py:591: in import_path
    importlib.import_module(module_name)
C:\Program Files\Python312\Lib\importlib\__init__.py:90: in import_module
    return _bootstrap._gcd_import(name[level:], package, level)
&lt;frozen importlib._bootstrap&gt;:1387: in _gcd_import
    ???
&lt;frozen importlib._bootstrap&gt;:1360: in _find_and_load
    ???
&lt;frozen importlib._bootstrap&gt;:1310: in _find_and_load_unlocked
    ???
&lt;frozen importlib._bootstrap&gt;:488: in _call_with_frames_removed
    ???
&lt;frozen importlib._bootstrap&gt;:1387: in _gcd_import
    ???
&lt;frozen importlib._bootstrap&gt;:1360: in _find_and_load
    ???
&lt;frozen importlib._bootstrap&gt;:1324: in _find_and_load_unlocked
    ???
E   ModuleNotFoundError: No module named 'lib2to3.tests'</error></testcase><testcase classname="" name="ProgramData.ASCON.KOMPAS-3D.24.Python 3.App.Lib.lib2to3.tests.test_parser" time="0.000"><error message="collection failure">ImportError while importing test module 'C:\ProgramData\ASCON\KOMPAS-3D\24\Python 3\App\Lib\lib2to3\tests\test_parser.py'.
Hint: make sure your test modules/packages have valid Python names.
Traceback:
C:\Users\brysi\AppData\Roaming\Python\Python312\site-packages\_pytest\python.py:492: in importtestmodule
    mod = import_path(
C:\Users\brysi\AppData\Roaming\Python\Python312\site-packages\_pytest\pathlib.py:591: in import_path
    importlib.import_module(module_name)
C:\Program Files\Python312\Lib\importlib\__init__.py:90: in import_module
    return _bootstrap._gcd_import(name[level:], package, level)
&lt;frozen importlib._bootstrap&gt;:1387: in _gcd_import
    ???
&lt;frozen importlib._bootstrap&gt;:1360: in _find_and_load
    ???
&lt;frozen importlib._bootstrap&gt;:1310: in _find_and_load_unlocked
    ???
&lt;frozen importlib._bootstrap&gt;:488: in _call_with_frames_removed
    ???
&lt;frozen importlib._bootstrap&gt;:1387: in _gcd_import
    ???
&lt;frozen importlib._bootstrap&gt;:1360: in _find_and_load
    ???
&lt;frozen importlib._bootstrap&gt;:1324: in _find_and_load_unlocked
    ???
E   ModuleNotFoundError: No module named 'lib2to3.tests'</error></testcase><testcase classname="" name="ProgramData.ASCON.KOMPAS-3D.24.Python 3.App.Lib.lib2to3.tests.test_pytree" time="0.000"><error message="collection failure">ImportError while importing test module 'C:\ProgramData\ASCON\KOMPAS-3D\24\Python 3\App\Lib\lib2to3\tests\test_pytree.py'.
Hint: make sure your test modules/packages have valid Python names.
Traceback:
C:\Users\brysi\AppData\Roaming\Python\Python312\site-packages\_pytest\python.py:492: in importtestmodule
    mod = import_path(
C:\Users\brysi\AppData\Roaming\Python\Python312\site-packages\_pytest\pathlib.py:591: in import_path
    importlib.import_module(module_name)
C:\Program Files\Python312\Lib\importlib\__init__.py:90: in import_module
    return _bootstrap._gcd_import(name[level:], package, level)
&lt;frozen importlib._bootstrap&gt;:1387: in _gcd_import
    ???
&lt;frozen importlib._bootstrap&gt;:1360: in _find_and_load
    ???
&lt;frozen importlib._bootstrap&gt;:1310: in _find_and_load_unlocked
    ???
&lt;frozen importlib._bootstrap&gt;:488: in _call_with_frames_removed
    ???
&lt;frozen importlib._bootstrap&gt;:1387: in _gcd_import
    ???
&lt;frozen importlib._bootstrap&gt;:1360: in _find_and_load
    ???
&lt;frozen importlib._bootstrap&gt;:1324: in _find_and_load_unlocked
    ???
E   ModuleNotFoundError: No module named 'lib2to3.tests'</error></testcase><testcase classname="" name="ProgramData.ASCON.KOMPAS-3D.24.Python 3.App.Lib.lib2to3.tests.test_refactor" time="0.000"><error message="collection failure">ImportError while importing test module 'C:\ProgramData\ASCON\KOMPAS-3D\24\Python 3\App\Lib\lib2to3\tests\test_refactor.py'.
Hint: make sure your test modules/packages have valid Python names.
Traceback:
C:\Users\brysi\AppData\Roaming\Python\Python312\site-packages\_pytest\python.py:492: in importtestmodule
    mod = import_path(
C:\Users\brysi\AppData\Roaming\Python\Python312\site-packages\_pytest\pathlib.py:591: in import_path
    importlib.import_module(module_name)
C:\Program Files\Python312\Lib\importlib\__init__.py:90: in import_module
    return _bootstrap._gcd_import(name[level:], package, level)
&lt;frozen importlib._bootstrap&gt;:1387: in _gcd_import
    ???
&lt;frozen importlib._bootstrap&gt;:1360: in _find_and_load
    ???
&lt;frozen importlib._bootstrap&gt;:1310: in _find_and_load_unlocked
    ???
&lt;frozen importlib._bootstrap&gt;:488: in _call_with_frames_removed
    ???
&lt;frozen importlib._bootstrap&gt;:1387: in _gcd_import
    ???
&lt;frozen importlib._bootstrap&gt;:1360: in _find_and_load
    ???
&lt;frozen importlib._bootstrap&gt;:1324: in _find_and_load_unlocked
    ???
E   ModuleNotFoundError: No module named 'lib2to3.tests'</error></testcase><testcase classname="" name="ProgramData.ASCON.KOMPAS-3D.24.Python 3.App.Lib.lib2to3.tests.test_util" time="0.000"><error message="collection failure">ImportError while importing test module 'C:\ProgramData\ASCON\KOMPAS-3D\24\Python 3\App\Lib\lib2to3\tests\test_util.py'.
Hint: make sure your test modules/packages have valid Python names.
Traceback:
C:\Users\brysi\AppData\Roaming\Python\Python312\site-packages\_pytest\python.py:492: in importtestmodule
    mod = import_path(
C:\Users\brysi\AppData\Roaming\Python\Python312\site-packages\_pytest\pathlib.py:591: in import_path
    importlib.import_module(module_name)
C:\Program Files\Python312\Lib\importlib\__init__.py:90: in import_module
    return _bootstrap._gcd_import(name[level:], package, level)
&lt;frozen importlib._bootstrap&gt;:1387: in _gcd_import
    ???
&lt;frozen importlib._bootstrap&gt;:1360: in _find_and_load
    ???
&lt;frozen importlib._bootstrap&gt;:1310: in _find_and_load_unlocked
    ???
&lt;frozen importlib._bootstrap&gt;:488: in _call_with_frames_removed
    ???
&lt;frozen importlib._bootstrap&gt;:1387: in _gcd_import
    ???
&lt;frozen importlib._bootstrap&gt;:1360: in _find_and_load
    ???
&lt;frozen importlib._bootstrap&gt;:1324: in _find_and_load_unlocked
    ???
E   ModuleNotFoundError: No module named 'lib2to3.tests'</error></testcase><testcase classname="pytest" name="internal" time="0.000"><error message="internal error">Traceback (most recent call last):
  File "C:\Program Files\PostgreSQL\16\pgAdmin 4\python\Lib\site-packages\adodbapi\adodbapi.py", line 106, in make_COM_connecter
    c = Dispatch("ADODB.Connection")  # connect _after_ CoIninialize v2.1.1 adamvan
        ^^^^^^^^
NameError: name 'Dispatch' is not defined

During handling of the above exception, another exception occurred:

Traceback (most recent call last):
  File "C:\Program Files\PostgreSQL\16\pgAdmin 4\python\Lib\site-packages\adodbapi\adodbapi.py", line 128, in connect
    co.connect(kwargs)
  File "C:\Program Files\PostgreSQL\16\pgAdmin 4\python\Lib\site-packages\adodbapi\adodbapi.py", line 306, in connect
    self.connector = connection_maker()
                     ^^^^^^^^^^^^^^^^^^
  File "C:\Program Files\PostgreSQL\16\pgAdmin 4\python\Lib\site-packages\adodbapi\adodbapi.py", line 108, in make_COM_connecter
    raise api.InterfaceError(
adodbapi.apibase.InterfaceError: Windows COM Error: Dispatch('ADODB.Connection') failed.

During handling of the above exception, another exception occurred:

Traceback (most recent call last):
  File "C:\ProgramData\ASCON\KOMPAS-3D\24\Python 3\App\Lib\site-packages\adodbapi\tests\test_adodbapi_dbapi20.py", line 27, in &lt;module&gt;
    s = adodbapi.connect(connStr) #connect to server
        ^^^^^^^^^^^^^^^^^^^^^^^^^
  File "C:\Program Files\PostgreSQL\16\pgAdmin 4\python\Lib\site-packages\adodbapi\adodbapi.py", line 132, in connect
    raise api.OperationalError(e, message)
adodbapi.apibase.OperationalError: (InterfaceError("Windows COM Error: Dispatch('ADODB.Connection') failed."), 'Error opening connection to "Provider=SQLOLEDB.1; Integrated Security=SSPI; Initial Catalog=Northwind;Data Source=(local)"')

During handling of the above exception, another exception occurred:

Traceback (most recent call last):
  File "C:\Users\brysi\AppData\Roaming\Python\Python312\site-packages\_pytest\main.py", line 285, in wrap_session
    session.exitstatus = doit(config, session) or 0
                         ^^^^^^^^^^^^^^^^^^^^^
  File "C:\Users\brysi\AppData\Roaming\Python\Python312\site-packages\_pytest\main.py", line 338, in _main
    config.hook.pytest_collection(session=session)
  File "C:\Users\brysi\AppData\Roaming\Python\Python312\site-packages\pluggy\_hooks.py", line 513, in __call__
    return self._hookexec(self.name, self._hookimpls.copy(), kwargs, firstresult)
           ^^^^^^^^^^^^^^^^^^^^^^^^^^^^^^^^^^^^^^^^^^^^^^^^^^^^^^^^^^^^^^^^^^^^^^
  File "C:\Users\brysi\AppData\Roaming\Python\Python312\site-packages\pluggy\_manager.py", line 120, in _hookexec
    return self._inner_hookexec(hook_name, methods, kwargs, firstresult)
           ^^^^^^^^^^^^^^^^^^^^^^^^^^^^^^^^^^^^^^^^^^^^^^^^^^^^^^^^^^^^^
  File "C:\Users\brysi\AppData\Roaming\Python\Python312\site-packages\pluggy\_callers.py", line 139, in _multicall
    raise exception.with_traceback(exception.__traceback__)
  File "C:\Users\brysi\AppData\Roaming\Python\Python312\site-packages\pluggy\_callers.py", line 122, in _multicall
    teardown.throw(exception)  # type: ignore[union-attr]
    ^^^^^^^^^^^^^^^^^^^^^^^^^
  File "C:\Users\brysi\AppData\Roaming\Python\Python312\site-packages\_pytest\logging.py", line 794, in pytest_collection
    return (yield)
            ^^^^^
  File "C:\Users\brysi\AppData\Roaming\Python\Python312\site-packages\pluggy\_callers.py", line 122, in _multicall
    teardown.throw(exception)  # type: ignore[union-attr]
    ^^^^^^^^^^^^^^^^^^^^^^^^^
  File "C:\Users\brysi\AppData\Roaming\Python\Python312\site-packages\_pytest\warnings.py", line 120, in pytest_collection
    return (yield)
            ^^^^^
  File "C:\Users\brysi\AppData\Roaming\Python\Python312\site-packages\pluggy\_callers.py", line 122, in _multicall
    teardown.throw(exception)  # type: ignore[union-attr]
    ^^^^^^^^^^^^^^^^^^^^^^^^^
  File "C:\Users\brysi\AppData\Roaming\Python\Python312\site-packages\_pytest\config\__init__.py", line 1424, in pytest_collection
    return (yield)
            ^^^^^
  File "C:\Users\brysi\AppData\Roaming\Python\Python312\site-packages\pluggy\_callers.py", line 103, in _multicall
    res = hook_impl.function(*args)
          ^^^^^^^^^^^^^^^^^^^^^^^^^
  File "C:\Users\brysi\AppData\Roaming\Python\Python312\site-packages\_pytest\main.py", line 349, in pytest_collection
    session.perform_collect()
  File "C:\Users\brysi\AppData\Roaming\Python\Python312\site-packages\_pytest\main.py", line 811, in perform_collect
    self.items.extend(self.genitems(node))
  File "C:\Users\brysi\AppData\Roaming\Python\Python312\site-packages\_pytest\main.py", line 979, in genitems
    yield from self.genitems(subnode)
  File "C:\Users\brysi\AppData\Roaming\Python\Python312\site-packages\_pytest\main.py", line 979, in genitems
    yield from self.genitems(subnode)
  File "C:\Users\brysi\AppData\Roaming\Python\Python312\site-packages\_pytest\main.py", line 979, in genitems
    yield from self.genitems(subnode)
  [Previous line repeated 8 more times]
  File "C:\Users\brysi\AppData\Roaming\Python\Python312\site-packages\_pytest\main.py", line 974, in genitems
    rep, duplicate = self._collect_one_node(node, handle_dupes)
                     ^^^^^^^^^^^^^^^^^^^^^^^^^^^^^^^^^^^^^^^^^^
  File "C:\Users\brysi\AppData\Roaming\Python\Python312\site-packages\_pytest\main.py", line 837, in _collect_one_node
    rep = collect_one_node(node)
          ^^^^^^^^^^^^^^^^^^^^^^
  File "C:\Users\brysi\AppData\Roaming\Python\Python312\site-packages\_pytest\runner.py", line 567, in collect_one_node
    rep: CollectReport = ihook.pytest_make_collect_report(collector=collector)
                         ^^^^^^^^^^^^^^^^^^^^^^^^^^^^^^^^^^^^^^^^^^^^^^^^^^^^^
  File "C:\Users\brysi\AppData\Roaming\Python\Python312\site-packages\pluggy\_hooks.py", line 513, in __call__
    return self._hookexec(self.name, self._hookimpls.copy(), kwargs, firstresult)
           ^^^^^^^^^^^^^^^^^^^^^^^^^^^^^^^^^^^^^^^^^^^^^^^^^^^^^^^^^^^^^^^^^^^^^^
  File "C:\Users\brysi\AppData\Roaming\Python\Python312\site-packages\pluggy\_manager.py", line 120, in _hookexec
    return self._inner_hookexec(hook_name, methods, kwargs, firstresult)
           ^^^^^^^^^^^^^^^^^^^^^^^^^^^^^^^^^^^^^^^^^^^^^^^^^^^^^^^^^^^^^
  File "C:\Users\brysi\AppData\Roaming\Python\Python312\site-packages\pluggy\_callers.py", line 139, in _multicall
    raise exception.with_traceback(exception.__traceback__)
  File "C:\Users\brysi\AppData\Roaming\Python\Python312\site-packages\pluggy\_callers.py", line 122, in _multicall
    teardown.throw(exception)  # type: ignore[union-attr]
    ^^^^^^^^^^^^^^^^^^^^^^^^^
  File "C:\Users\brysi\AppData\Roaming\Python\Python312\site-packages\_pytest\capture.py", line 858, in pytest_make_collect_report
    rep = yield
          ^^^^^
  File "C:\Users\brysi\AppData\Roaming\Python\Python312\site-packages\pluggy\_callers.py", line 103, in _multicall
    res = hook_impl.function(*args)
          ^^^^^^^^^^^^^^^^^^^^^^^^^
  File "C:\Users\brysi\AppData\Roaming\Python\Python312\site-packages\_pytest\runner.py", line 391, in pytest_make_collect_report
    call = CallInfo.from_call(
           ^^^^^^^^^^^^^^^^^^^
  File "C:\Users\brysi\AppData\Roaming\Python\Python312\site-packages\_pytest\runner.py", line 341, in from_call
    result: Optional[TResult] = func()
                                ^^^^^^
  File "C:\Users\brysi\AppData\Roaming\Python\Python312\site-packages\_pytest\runner.py", line 389, in collect
    return list(collector.collect())
                ^^^^^^^^^^^^^^^^^^^
  File "C:\Users\brysi\AppData\Roaming\Python\Python312\site-packages\_pytest\python.py", line 548, in collect
    self._register_setup_module_fixture()
  File "C:\Users\brysi\AppData\Roaming\Python\Python312\site-packages\_pytest\python.py", line 561, in _register_setup_module_fixture
    self.obj, ("setUpModule", "setup_module")
    ^^^^^^^^
  File "C:\Users\brysi\AppData\Roaming\Python\Python312\site-packages\_pytest\python.py", line 287, in obj
    self._obj = obj = self._getobj()
                      ^^^^^^^^^^^^^^
  File "C:\Users\brysi\AppData\Roaming\Python\Python312\site-packages\_pytest\python.py", line 545, in _getobj
    return importtestmodule(self.path, self.config)
           ^^^^^^^^^^^^^^^^^^^^^^^^^^^^^^^^^^^^^^^^
  File "C:\Users\brysi\AppData\Roaming\Python\Python312\site-packages\_pytest\python.py", line 492, in importtestmodule
    mod = import_path(
          ^^^^^^^^^^^^
  File "C:\Users\brysi\AppData\Roaming\Python\Python312\site-packages\_pytest\pathlib.py", line 591, in import_path
    importlib.import_module(module_name)
  File "C:\Program Files\Python312\Lib\importlib\__init__.py", line 90, in import_module
    return _bootstrap._gcd_import(name[level:], package, level)
           ^^^^^^^^^^^^^^^^^^^^^^^^^^^^^^^^^^^^^^^^^^^^^^^^^^^^
  File "&lt;frozen importlib._bootstrap&gt;", line 1387, in _gcd_import
  File "&lt;frozen importlib._bootstrap&gt;", line 1360, in _find_and_load
  File "&lt;frozen importlib._bootstrap&gt;", line 1331, in _find_and_load_unlocked
  File "&lt;frozen importlib._bootstrap&gt;", line 935, in _load_unlocked
  File "C:\Users\brysi\AppData\Roaming\Python\Python312\site-packages\_pytest\assertion\rewrite.py", line 178, in exec_module
    exec(co, module.__dict__)
  File "C:\ProgramData\ASCON\KOMPAS-3D\24\Python 3\App\Lib\site-packages\adodbapi\tests\test_adodbapi_dbapi20.py", line 31, in &lt;module&gt;
    sys.exit(1)
SystemExit: 1</error></testcase></testsuite></testsuites>